#-----------------------------------------------------------
# Vivado v2016.2 (64-bit)
# SW Build 1577090 on Thu Jun  2 16:32:40 MDT 2016
# IP Build 1577682 on Fri Jun  3 12:00:54 MDT 2016
# Start of session at: Thu Nov 02 17:27:55 2017
# Process ID: 3580
# Current directory: C:/Users/Wei Zheng/Desktop/NUS/Y2S1/EE2020/Project/audio_effects
# Command line: vivado.exe -gui_launcher_event rodinguilauncherevent18176 C:\Users\Wei Zheng\Desktop\NUS\Y2S1\EE2020\Project\audio_effects\audio_effects.xpr
# Log file: C:/Users/Wei Zheng/Desktop/NUS/Y2S1/EE2020/Project/audio_effects/vivado.log
# Journal file: C:/Users/Wei Zheng/Desktop/NUS/Y2S1/EE2020/Project/audio_effects\vivado.jou
#-----------------------------------------------------------
start_gui
open_project {C:/Users/Wei Zheng/Desktop/NUS/Y2S1/EE2020/Project/audio_effects/audio_effects.xpr}
Scanning sources...
Finished scanning sources
INFO: [IP_Flow 19-234] Refreshing IP repositories
INFO: [IP_Flow 19-1704] No user IP repositories specified
INFO: [IP_Flow 19-2313] Loaded Vivado IP repository 'D:/Vivado/Vivado/2016.2/data/ip'.
open_project: Time (s): cpu = 00:00:11 ; elapsed = 00:00:08 . Memory (MB): peak = 743.695 ; gain = 122.754
update_compile_order -fileset sources_1
launch_runs impl_1 -to_step write_bitstream -jobs 4
[Thu Nov 02 17:31:27 2017] Launched synth_1...
Run output will be captured here: C:/Users/Wei Zheng/Desktop/NUS/Y2S1/EE2020/Project/audio_effects/audio_effects.runs/synth_1/runme.log
[Thu Nov 02 17:31:27 2017] Launched impl_1...
Run output will be captured here: C:/Users/Wei Zheng/Desktop/NUS/Y2S1/EE2020/Project/audio_effects/audio_effects.runs/impl_1/runme.log
open_hw
connect_hw_server
INFO: [Labtools 27-2285] Connecting to hw_server url TCP:localhost:3121
open_hw_target
INFO: [Labtoolstcl 44-466] Opening hw_target localhost:3121/xilinx_tcf/Digilent/210183714400A
current_hw_device [lindex [get_hw_devices] 0]
refresh_hw_device -update_hw_probes false [lindex [get_hw_devices] 0]
INFO: [Labtools 27-1434] Device xc7a35t (JTAG device index = 0) is programmed with a design that has no supported debug core(s) in it.
WARNING: [Labtools 27-3123] The debug hub core was not detected at User Scan Chain 1 or 3.
Resolution: 
1. Make sure the clock connected to the debug hub (dbg_hub) core is a free running clock and is active OR
2. Manually launch hw_server with -e "set xsdb-user-bscan <C_USER_SCAN_CHAIN scan_chain_number>" to detect the debug hub at User Scan Chain of 2 or 4. To determine the user scan chain setting, open the implemented design and use: get_property C_USER_SCAN_CHAIN [get_debug_cores dbg_hub].
remove_files {{C:/Users/Wei Zheng/Desktop/NUS/Y2S1/EE2020/Project/audio_effects/audio_effects.srcs/sources_1/new/CIRCULAR_BUFFER.v}}
file delete -force {C:/Users/Wei Zheng/Desktop/NUS/Y2S1/EE2020/Project/audio_effects/audio_effects.srcs/sources_1/new/CIRCULAR_BUFFER.v}
reset_run synth_1
WARNING: [Vivado 12-1017] Problems encountered:
1. PID not specified

launch_runs synth_1 -jobs 4
INFO: [HDL 9-2216] Analyzing Verilog file "C:/Users/Wei Zheng/Desktop/NUS/Y2S1/EE2020/Project/audio_effects/audio_effects.srcs/sources_1/new/AUDIO_FX_TOP.v" into library work [C:/Users/Wei Zheng/Desktop/NUS/Y2S1/EE2020/Project/audio_effects/audio_effects.srcs/sources_1/new/AUDIO_FX_TOP.v:1]
[Thu Nov 02 17:53:52 2017] Launched synth_1...
Run output will be captured here: C:/Users/Wei Zheng/Desktop/NUS/Y2S1/EE2020/Project/audio_effects/audio_effects.runs/synth_1/runme.log
reset_run synth_1
WARNING: [Vivado 12-1017] Problems encountered:
1. PID not specified

exit
INFO: [Common 17-206] Exiting Vivado at Thu Nov 02 18:07:10 2017...
