#-----------------------------------------------------------
# Vivado v2016.2 (64-bit)
# SW Build 1577090 on Thu Jun  2 16:32:40 MDT 2016
# IP Build 1577682 on Fri Jun  3 12:00:54 MDT 2016
# Start of session at: Fri Nov 03 15:06:53 2017
# Process ID: 7200
# Current directory: C:/Users/Wei Zheng/Desktop/NUS/Y2S1/EE2020/Project/audio_effects
# Command line: vivado.exe -gui_launcher_event rodinguilauncherevent16232 C:\Users\Wei Zheng\Desktop\NUS\Y2S1\EE2020\Project\audio_effects\audio_effects.xpr
# Log file: C:/Users/Wei Zheng/Desktop/NUS/Y2S1/EE2020/Project/audio_effects/vivado.log
# Journal file: C:/Users/Wei Zheng/Desktop/NUS/Y2S1/EE2020/Project/audio_effects\vivado.jou
#-----------------------------------------------------------
start_gui
open_project {C:/Users/Wei Zheng/Desktop/NUS/Y2S1/EE2020/Project/audio_effects/audio_effects.xpr}
INFO: [Project 1-313] Project file moved from 'C:/Users/vik/Desktop/EE2020_Project_Template.xpr/EE2020' since last save.
Scanning sources...
Finished scanning sources
WARNING: [Project 1-509] GeneratedRun file for 'synth_1' nexit
INFO: [Common 17-206] Exiting Vivado at Fri Nov 03 15:07:14 2017...
ynth_1' not found
WARNING: [Project 1-509] GeneratedRun file for 'impl_1' not found
INFO: [IP_Flow 19-234] Refreshing IP repositories
INFO: [IP_Flow 19-1704] No user IP repositories specified
INFO: [IP_Flow 19-2313] Loaded Vivado IP repository 'D:/Vivado/Vivado/2016.2/data/ip'.
update_compile_order -fileset sources_1
exit
INFO: [Common 17-206] Exiting Vivado at Fri Nov 03 15:11:31 2017...
