#-----------------------------------------------------------
# Vivado v2016.2 (64-bit)
# SW Build 1577090 on Thu Jun  2 16:32:40 MDT 2016
# IP Build 1577682 on Fri Jun  3 12:00:54 MDT 2016
# Start of session at: Thu Nov 02 21:01:27 2017
# Process ID: 5364
# Current directory: C:/Users/vik/Desktop/EE2020_Project_Template.xpr/EE2020
# Command line: vivado.exe -gui_launcher_event rodinguilauncherevent6316 C:\Users\vik\Desktop\EE2020_Project_Template.xpr\EE2020\audio_effects.xpr
# Log file: C:/Users/vik/Desktop/EE2020_Project_Template.xpr/EE2020/vivado.log
# Journal file: C:/Users/vik/Desktop/EE2020_Project_Template.xpr/EE2020\vivado.jou
#-----------------------------------------------------------
start_gui
open_project C:/Users/vik/Desktop/EE2020_Project_Template.xpr/EE2020/audio_effects.xpr
INFO: [Project 1-313] Project file moved from 'C:/Users/Wei Zheng/Desktop/NUS/Y2S1/EE2020/Project/audio_effects' since last save.
CRITICAL WARNING: [Project 1-311] Could not find the file 'C:/audio_effects/audio_effects.srcs/sources_1/imports/audio_effects.srcs/DA2CompRef.vhd', nor could it be found using path 'C:/Users/Wei Zheng/Desktop/audio_effects/audio_effects.srcs/sources_1/imports/audio_effects.srcs/DA2CompRef.vhd'.
CRITICAL WARNING: [Project 1-311] Could not find the file 'C:/Users/vik/Desktop/EE2020_Project_Template.xpr/hello_data.coe', nor could it be found using path 'C:/Users/Wei Zheng/Desktop/NUS/Y2S1/EE2020/Project/hello_data.coe'.
Scanning sources...
Finished scanning sources
INFO: [IP_Flow 19-234] Refreshing IP repositories
INFO: [IP_Flow 19-1704] No user IP repositories specified
INFO: [IP_Flow 19-2313] Loaded Vivado IP repository 'C:/Xilinx/Vivado/2016.2/data/ip'.
open_project: Time (s): cpu = 00:00:17 ; elapsed = 00:00:08 . Memory (MB): peak = 788.891 ; gain = 129.871
update_compile_order -fileset sources_1
add_files -norecurse C:/Users/vik/Desktop/EE2020_Project_Template.xpr/audio_effects/audio_effects.srcs/sources_1/imports/audio_effects.srcs/DA2CompRef.vhd
update_compile_order -fileset sources_1
ERROR: [IP_Flow 19-3460] Validation failed on parameter 'Coefficients File(coefficient_file)' for Invalid COE File- Unable to open the file c:/Users/vik/Desktop/EE2020_Project_Template.xpr/hello_data.coe 
. IP 'dist_mem_gen_0'
INFO: [IP_Flow 19-3438] Customization errors found on 'dist_mem_gen_0'. Restoring to previous valid configuration.
ERROR: [IP_Flow 19-3460] Validation failed on parameter 'Coefficients File(coefficient_file)' for Invalid COE File- Unable to open the file c:/Users/vik/Desktop/EE2020_Project_Template.xpr/hello_data.coe 
. IP 'dist_mem_gen_0'
INFO: [IP_Flow 19-3447] Customization errors found during restoring IP 'dist_mem_gen_0' to previous valid configuration.
ERROR: [IP_Flow 19-3439] Failed to restore IP 'dist_mem_gen_0' customization to its previous valid configuration.
ERROR: [IP_Flow 19-3460] Validation failed on parameter 'Coefficients File(coefficient_file)' for Invalid COE File- Unable to open the file c:/Users/vik/Desktop/EE2020_Project_Template.xpr/hello_data.coe 
. IP 'dist_mem_gen_0'
INFO: [IP_Flow 19-3438] Customization errors found on 'dist_mem_gen_0'. Restoring to previous valid configuration.
ERROR: [IP_Flow 19-3460] Validation failed on parameter 'Coefficients File(coefficient_file)' for Invalid COE File- Unable to open the file c:/Users/vik/Desktop/EE2020_Project_Template.xpr/hello_data.coe 
. IP 'dist_mem_gen_0'
INFO: [IP_Flow 19-3447] Customization errors found during restoring IP 'dist_mem_gen_0' to previous valid configuration.
ERROR: [IP_Flow 19-3439] Failed to restore IP 'dist_mem_gen_0' customization to its previous valid configuration.
set_property -dict [list CONFIG.coefficient_file {C:/Users/vik/Desktop/EE2020_Project_Template.xpr/EE2020/hello_data.coe}] [get_ips dist_mem_gen_0]
INFO: [IP_Flow 19-3484] Absolute path of file 'c:/Users/vik/Desktop/EE2020_Project_Template.xpr/EE2020/hello_data.coe' provided. It will be converted relative to IP Instance files '../../../../hello_data.coe'
generate_target all [get_files  C:/Users/vik/Desktop/EE2020_Project_Template.xpr/EE2020/audio_effects.srcs/sources_1/ip/dist_mem_gen_0/dist_mem_gen_0.xci]
INFO: [IP_Flow 19-1686] Generating 'Instantiation Template' target for IP 'dist_mem_gen_0'...
INFO: [IP_Flow 19-1686] Generating 'Synthesis' target for IP 'dist_mem_gen_0'...
INFO: [IP_Flow 19-1686] Generating 'Simulation' target for IP 'dist_mem_gen_0'...
INFO: [IP_Flow 19-1686] Generating 'Change Log' target for IP 'dist_mem_gen_0'...
generate_target: Time (s): cpu = 00:00:10 ; elapsed = 00:00:08 . Memory (MB): peak = 827.340 ; gain = 19.492
export_ip_user_files -of_objects [get_files C:/Users/vik/Desktop/EE2020_Project_Template.xpr/EE2020/audio_effects.srcs/sources_1/ip/dist_mem_gen_0/dist_mem_gen_0.xci] -no_script -force -quiet
reset_run dist_mem_gen_0_synth_1
launch_run -jobs 2 dist_mem_gen_0_synth_1
[Thu Nov 02 21:07:13 2017] Launched dist_mem_gen_0_synth_1...
Run output will be captured here: C:/Users/vik/Desktop/EE2020_Project_Template.xpr/EE2020/audio_effects.runs/dist_mem_gen_0_synth_1/runme.log
export_simulation -of_objects [get_files C:/Users/vik/Desktop/EE2020_Project_Template.xpr/EE2020/audio_effects.srcs/sources_1/ip/dist_mem_gen_0/dist_mem_gen_0.xci] -directory C:/Users/vik/Desktop/EE2020_Project_Template.xpr/EE2020/audio_effects.ip_user_files/sim_scripts -ip_user_files_dir C:/Users/vik/Desktop/EE2020_Project_Template.xpr/EE2020/audio_effects.ip_user_files -ipstatic_source_dir C:/Users/vik/Desktop/EE2020_Project_Template.xpr/EE2020/audio_effects.ip_user_files/ipstatic -force -quiet
remove_files C:/Users/vik/Desktop/EE2020_Project_Template.xpr/hello_data.coe
reset_run synth_1
launch_runs impl_1 -to_step write_bitstream -jobs 2
[Thu Nov 02 21:17:28 2017] Launched synth_1...
Run output will be captured here: C:/Users/vik/Desktop/EE2020_Project_Template.xpr/EE2020/audio_effects.runs/synth_1/runme.log
[Thu Nov 02 21:17:28 2017] Launched impl_1...
Run output will be captured here: C:/Users/vik/Desktop/EE2020_Project_Template.xpr/EE2020/audio_effects.runs/impl_1/runme.log
