#-----------------------------------------------------------
# Vivado v2016.2 (64-bit)
# SW Build 1577090 on Thu Jun  2 16:32:40 MDT 2016
# IP Build 1577682 on Fri Jun  3 12:00:54 MDT 2016
# Start of session at: Wed Nov 01 12:10:34 2017
# Process ID: 9524
# Current directory: C:/Users/Wei Zheng/Desktop/NUS/Y2S1/EE2020/Project/audio_effects
# Command line: vivado.exe -gui_launcher_event rodinguilauncherevent10808 C:\Users\Wei Zheng\Desktop\NUS\Y2S1\EE2020\Project\audio_effects\audio_effects.xpr
# Log file: C:/Users/Wei Zheng/Desktop/NUS/Y2S1/EE2020/Project/audio_effects/vivado.log
# Journal file: C:/Users/Wei Zheng/Desktop/NUS/Y2S1/EE2020/Project/audio_effects\vivado.jou
#-----------------------------------------------------------
start_gui
open_project {C:/Users/Wei Zheng/Desktop/NUS/Y2S1/EE2020/Project/audio_effects/audio_effects.xpr}
Scanning sources...
Finished scanning sources
INFO: [IP_Flow 19-234] Refreshing IP repositories
INFO: [IP_Flow 19-1704] No user IP repositories specified
INFO: [IP_Flow 19-2313] Loaded Vivado IP repository 'D:/Vivado/Vivado/2016.2/data/ip'.
open_project: Time (s): cpu = 00:00:13 ; elapsed = 00:00:12 . Memory (MB): peak = 740.867 ; gain = 113.738
update_compile_order -fileset sources_1
reset_run impl_1 -prev_step 
launch_runs impl_1 -to_step write_bitstream -jobs 4
[Wed Nov 01 12:11:40 2017] Launched impl_1...
Run output will be captured here: C:/Users/Wei Zheng/Desktop/NUS/Y2S1/EE2020/Project/audio_effects/audio_effects.runs/impl_1/runme.log
open_hw
connect_hw_server
INFO: [Labtools 27-2285] Connecting to hw_server url TCP:localhost:3121
INFO: [Labtools 27-2222] Launching hw_server...
INFO: [Labtools 27-2221] Launch Output:

****** Xilinx hw_server v2016.2
  **** Build date : Jun  2 2016-16:57:03
    ** Copyright 1986-2016 Xilinx, Inc. All Rights Reserved.


open_hw_target
INFO: [Labtoolstcl 44-466] Opening hw_target localhost:3121/xilinx_tcf/Digilent/210183714400A
set_property PROGRAM.FILE {C:/Users/Wei Zheng/Desktop/NUS/Y2S1/EE2020/Project/audio_effects/audio_effects.runs/impl_1/AUDIO_FX_TOP.bit} [lindex [get_hw_devices] 0]
current_hw_device [lindex [get_hw_devices] 0]
refresh_hw_device -update_hw_probes false [lindex [get_hw_devices] 0]
INFO: [Labtools 27-1434] Device xc7a35t (JTAG device index = 0) is programmed with a design that has no supported debug core(s) in it.
WARNING: [Labtools 27-3123] The debug hub core was not detected at User Scan Chain 1 or 3.
Resolution: 
1. Make sure the clock connected to the debug hub (dbg_hub) core is a free running clock and is active OR
2. Manually launch hw_server with -e "set xsdb-user-bscan <C_USER_SCAN_CHAIN scan_chain_number>" to detect the debug hub at User Scan Chain of 2 or 4. To determine the user scan chain setting, open the implemented design and use: get_property C_USER_SCAN_CHAIN [get_debug_cores dbg_hub].
set_property PROBES.FILE {} [lindex [get_hw_devices] 0]
set_property PROGRAM.FILE {C:/Users/Wei Zheng/Desktop/NUS/Y2S1/EE2020/Project/audio_effects/audio_effects.runs/impl_1/AUDIO_FX_TOP.bit} [lindex [get_hw_devices] 0]
program_hw_devices [lindex [get_hw_devices] 0]
INFO: [Labtools 27-3164] End of startup status: HIGH
refresh_hw_device [lindex [get_hw_devices] 0]
INFO: [Labtools 27-1434] Device xc7a35t (JTAG device index = 0) is programmed with a design that has no supported debug core(s) in it.
WARNING: [Labtools 27-3123] The debug hub core was not detected at User Scan Chain 1 or 3.
Resolution: 
1. Make sure the clock connected to the debug hub (dbg_hub) core is a free running clock and is active OR
2. Manually launch hw_server with -e "set xsdb-user-bscan <C_USER_SCAN_CHAIN scan_chain_number>" to detect the debug hub at User Scan Chain of 2 or 4. To determine the user scan chain setting, open the implemented design and use: get_property C_USER_SCAN_CHAIN [get_debug_cores dbg_hub].
reset_run impl_1 -prev_step 
launch_runs impl_1 -to_step write_bitstream -jobs 4
WARNING: [Vivado 12-872] Run step 'Design Initialization' is out-of-date.
[Wed Nov 01 12:15:13 2017] Launched impl_1...
Run output will be captured here: C:/Users/Wei Zheng/Desktop/NUS/Y2S1/EE2020/Project/audio_effects/audio_effects.runs/impl_1/runme.log
reset_run synth_1
launch_runs impl_1 -to_step write_bitstream -jobs 4
[Wed Nov 01 12:15:57 2017] Launched synth_1...
Run output will be captured here: C:/Users/Wei Zheng/Desktop/NUS/Y2S1/EE2020/Project/audio_effects/audio_effects.runs/synth_1/runme.log
[Wed Nov 01 12:15:57 2017] Launched impl_1...
Run output will be captured here: C:/Users/Wei Zheng/Desktop/NUS/Y2S1/EE2020/Project/audio_effects/audio_effects.runs/impl_1/runme.log
set_property PROBES.FILE {} [lindex [get_hw_devices] 0]
set_property PROGRAM.FILE {C:/Users/Wei Zheng/Desktop/NUS/Y2S1/EE2020/Project/audio_effects/audio_effects.runs/impl_1/AUDIO_FX_TOP.bit} [lindex [get_hw_devices] 0]
program_hw_devices [lindex [get_hw_devices] 0]
INFO: [Labtools 27-3164] End of startup status: HIGH
refresh_hw_device [lindex [get_hw_devices] 0]
INFO: [Labtools 27-1434] Device xc7a35t (JTAG device index = 0) is programmed with a design that has no supported debug core(s) in it.
WARNING: [Labtools 27-3123] The debug hub core was not detected at User Scan Chain 1 or 3.
Resolution: 
1. Make sure the clock connected to the debug hub (dbg_hub) core is a free running clock and is active OR
2. Manually launch hw_server with -e "set xsdb-user-bscan <C_USER_SCAN_CHAIN scan_chain_number>" to detect the debug hub at User Scan Chain of 2 or 4. To determine the user scan chain setting, open the implemented design and use: get_property C_USER_SCAN_CHAIN [get_debug_cores dbg_hub].
reset_run synth_1
launch_runs impl_1 -to_step write_bitstream -jobs 4
[Wed Nov 01 12:20:17 2017] Launched synth_1...
Run output will be captured here: C:/Users/Wei Zheng/Desktop/NUS/Y2S1/EE2020/Project/audio_effects/audio_effects.runs/synth_1/runme.log
[Wed Nov 01 12:20:17 2017] Launched impl_1...
Run output will be captured here: C:/Users/Wei Zheng/Desktop/NUS/Y2S1/EE2020/Project/audio_effects/audio_effects.runs/impl_1/runme.log
set_property PROBES.FILE {} [lindex [get_hw_devices] 0]
set_property PROGRAM.FILE {C:/Users/Wei Zheng/Desktop/NUS/Y2S1/EE2020/Project/audio_effects/audio_effects.runs/impl_1/AUDIO_FX_TOP.bit} [lindex [get_hw_devices] 0]
program_hw_devices [lindex [get_hw_devices] 0]
INFO: [Labtools 27-3164] End of startup status: HIGH
refresh_hw_device [lindex [get_hw_devices] 0]
INFO: [Labtools 27-1434] Device xc7a35t (JTAG device index = 0) is programmed with a design that has no supported debug core(s) in it.
WARNING: [Labtools 27-3123] The debug hub core was not detected at User Scan Chain 1 or 3.
Resolution: 
1. Make sure the clock connected to the debug hub (dbg_hub) core is a free running clock and is active OR
2. Manually launch hw_server with -e "set xsdb-user-bscan <C_USER_SCAN_CHAIN scan_chain_number>" to detect the debug hub at User Scan Chain of 2 or 4. To determine the user scan chain setting, open the implemented design and use: get_property C_USER_SCAN_CHAIN [get_debug_cores dbg_hub].
reset_run synth_1
launch_runs impl_1 -to_step write_bitstream -jobs 4
[Wed Nov 01 12:24:59 2017] Launched synth_1...
Run output will be captured here: C:/Users/Wei Zheng/Desktop/NUS/Y2S1/EE2020/Project/audio_effects/audio_effects.runs/synth_1/runme.log
[Wed Nov 01 12:24:59 2017] Launched impl_1...
Run output will be captured here: C:/Users/Wei Zheng/Desktop/NUS/Y2S1/EE2020/Project/audio_effects/audio_effects.runs/impl_1/runme.log
set_property PROBES.FILE {} [lindex [get_hw_devices] 0]
set_property PROGRAM.FILE {C:/Users/Wei Zheng/Desktop/NUS/Y2S1/EE2020/Project/audio_effects/audio_effects.runs/impl_1/AUDIO_FX_TOP.bit} [lindex [get_hw_devices] 0]
program_hw_devices [lindex [get_hw_devices] 0]
INFO: [Labtools 27-3164] End of startup status: HIGH
refresh_hw_device [lindex [get_hw_devices] 0]
INFO: [Labtools 27-1434] Device xc7a35t (JTAG device index = 0) is programmed with a design that has no supported debug core(s) in it.
WARNING: [Labtools 27-3123] The debug hub core was not detected at User Scan Chain 1 or 3.
Resolution: 
1. Make sure the clock connected to the debug hub (dbg_hub) core is a free running clock and is active OR
2. Manually launch hw_server with -e "set xsdb-user-bscan <C_USER_SCAN_CHAIN scan_chain_number>" to detect the debug hub at User Scan Chain of 2 or 4. To determine the user scan chain setting, open the implemented design and use: get_property C_USER_SCAN_CHAIN [get_debug_cores dbg_hub].
reset_run synth_1
launch_runs impl_1 -to_step write_bitstream -jobs 4
[Wed Nov 01 12:30:18 2017] Launched synth_1...
Run output will be captured here: C:/Users/Wei Zheng/Desktop/NUS/Y2S1/EE2020/Project/audio_effects/audio_effects.runs/synth_1/runme.log
[Wed Nov 01 12:30:18 2017] Launched impl_1...
Run output will be captured here: C:/Users/Wei Zheng/Desktop/NUS/Y2S1/EE2020/Project/audio_effects/audio_effects.runs/impl_1/runme.log
set_property PROBES.FILE {} [lindex [get_hw_devices] 0]
set_property PROGRAM.FILE {C:/Users/Wei Zheng/Desktop/NUS/Y2S1/EE2020/Project/audio_effects/audio_effects.runs/impl_1/AUDIO_FX_TOP.bit} [lindex [get_hw_devices] 0]
program_hw_devices [lindex [get_hw_devices] 0]
INFO: [Labtools 27-3164] End of startup status: HIGH
refresh_hw_device [lindex [get_hw_devices] 0]
INFO: [Labtools 27-1434] Device xc7a35t (JTAG device index = 0) is programmed with a design that has no supported debug core(s) in it.
WARNING: [Labtools 27-3123] The debug hub core was not detected at User Scan Chain 1 or 3.
Resolution: 
1. Make sure the clock connected to the debug hub (dbg_hub) core is a free running clock and is active OR
2. Manually launch hw_server with -e "set xsdb-user-bscan <C_USER_SCAN_CHAIN scan_chain_number>" to detect the debug hub at User Scan Chain of 2 or 4. To determine the user scan chain setting, open the implemented design and use: get_property C_USER_SCAN_CHAIN [get_debug_cores dbg_hub].
reset_run synth_1
launch_runs impl_1 -to_step write_bitstream -jobs 4
[Wed Nov 01 12:35:05 2017] Launched synth_1...
Run output will be captured here: C:/Users/Wei Zheng/Desktop/NUS/Y2S1/EE2020/Project/audio_effects/audio_effects.runs/synth_1/runme.log
[Wed Nov 01 12:35:05 2017] Launched impl_1...
Run output will be captured here: C:/Users/Wei Zheng/Desktop/NUS/Y2S1/EE2020/Project/audio_effects/audio_effects.runs/impl_1/runme.log
set_property PROBES.FILE {} [lindex [get_hw_devices] 0]
set_property PROGRAM.FILE {C:/Users/Wei Zheng/Desktop/NUS/Y2S1/EE2020/Project/audio_effects/audio_effects.runs/impl_1/AUDIO_FX_TOP.bit} [lindex [get_hw_devices] 0]
program_hw_devices [lindex [get_hw_devices] 0]
INFO: [Labtools 27-3164] End of startup status: HIGH
refresh_hw_device [lindex [get_hw_devices] 0]
INFO: [Labtools 27-1434] Device xc7a35t (JTAG device index = 0) is programmed with a design that has no supported debug core(s) in it.
WARNING: [Labtools 27-3123] The debug hub core was not detected at User Scan Chain 1 or 3.
Resolution: 
1. Make sure the clock connected to the debug hub (dbg_hub) core is a free running clock and is active OR
2. Manually launch hw_server with -e "set xsdb-user-bscan <C_USER_SCAN_CHAIN scan_chain_number>" to detect the debug hub at User Scan Chain of 2 or 4. To determine the user scan chain setting, open the implemented design and use: get_property C_USER_SCAN_CHAIN [get_debug_cores dbg_hub].
reset_run synth_1
launch_runs impl_1 -to_step write_bitstream -jobs 4
[Wed Nov 01 12:41:50 2017] Launched synth_1...
Run output will be captured here: C:/Users/Wei Zheng/Desktop/NUS/Y2S1/EE2020/Project/audio_effects/audio_effects.runs/synth_1/runme.log
[Wed Nov 01 12:41:50 2017] Launched impl_1...
Run output will be captured here: C:/Users/Wei Zheng/Desktop/NUS/Y2S1/EE2020/Project/audio_effects/audio_effects.runs/impl_1/runme.log
set_property PROBES.FILE {} [lindex [get_hw_devices] 0]
set_property PROGRAM.FILE {C:/Users/Wei Zheng/Desktop/NUS/Y2S1/EE2020/Project/audio_effects/audio_effects.runs/impl_1/AUDIO_FX_TOP.bit} [lindex [get_hw_devices] 0]
program_hw_devices [lindex [get_hw_devices] 0]
INFO: [Labtools 27-3164] End of startup status: HIGH
refresh_hw_device [lindex [get_hw_devices] 0]
INFO: [Labtools 27-1434] Device xc7a35t (JTAG device index = 0) is programmed with a design that has no supported debug core(s) in it.
WARNING: [Labtools 27-3123] The debug hub core was not detected at User Scan Chain 1 or 3.
Resolution: 
1. Make sure the clock connected to the debug hub (dbg_hub) core is a free running clock and is active OR
2. Manually launch hw_server with -e "set xsdb-user-bscan <C_USER_SCAN_CHAIN scan_chain_number>" to detect the debug hub at User Scan Chain of 2 or 4. To determine the user scan chain setting, open the implemented design and use: get_property C_USER_SCAN_CHAIN [get_debug_cores dbg_hub].
reset_run synth_1
launch_runs impl_1 -to_step write_bitstream -jobs 4
[Wed Nov 01 12:46:43 2017] Launched synth_1...
Run output will be captured here: C:/Users/Wei Zheng/Desktop/NUS/Y2S1/EE2020/Project/audio_effects/audio_effects.runs/synth_1/runme.log
[Wed Nov 01 12:46:43 2017] Launched impl_1...
Run output will be captured here: C:/Users/Wei Zheng/Desktop/NUS/Y2S1/EE2020/Project/audio_effects/audio_effects.runs/impl_1/runme.log
set_property PROBES.FILE {} [lindex [get_hw_devices] 0]
set_property PROGRAM.FILE {C:/Users/Wei Zheng/Desktop/NUS/Y2S1/EE2020/Project/audio_effects/audio_effects.runs/impl_1/AUDIO_FX_TOP.bit} [lindex [get_hw_devices] 0]
program_hw_devices [lindex [get_hw_devices] 0]
INFO: [Labtools 27-3164] End of startup status: HIGH
refresh_hw_device [lindex [get_hw_devices] 0]
INFO: [Labtools 27-1434] Device xc7a35t (JTAG device index = 0) is programmed with a design that has no supported debug core(s) in it.
WARNING: [Labtools 27-3123] The debug hub core was not detected at User Scan Chain 1 or 3.
Resolution: 
1. Make sure the clock connected to the debug hub (dbg_hub) core is a free running clock and is active OR
2. Manually launch hw_server with -e "set xsdb-user-bscan <C_USER_SCAN_CHAIN scan_chain_number>" to detect the debug hub at User Scan Chain of 2 or 4. To determine the user scan chain setting, open the implemented design and use: get_property C_USER_SCAN_CHAIN [get_debug_cores dbg_hub].
open_run synth_1 -name synth_1
Design is defaulting to impl run constrset: constrs_1
Design is defaulting to synth run part: xc7a35tcpg236-1
INFO: [Netlist 29-17] Analyzing 224 Unisim elements for replacement
INFO: [Netlist 29-28] Unisim Transformation completed in 0 CPU seconds
INFO: [Project 1-479] Netlist was created with Vivado 2016.2
INFO: [Device 21-403] Loading part xc7a35tcpg236-1
INFO: [Project 1-570] Preparing netlist for logic optimization
Parsing XDC File [C:/Users/Wei Zheng/Desktop/NUS/Y2S1/EE2020/Project/audio_effects/audio_effects.srcs/constrs_1/imports/Learn/Basys3_Master.xdc]
Finished Parsing XDC File [C:/Users/Wei Zheng/Desktop/NUS/Y2S1/EE2020/Project/audio_effects/audio_effects.srcs/constrs_1/imports/Learn/Basys3_Master.xdc]
INFO: [Opt 31-138] Pushed 0 inverter(s) to 0 load pin(s).
INFO: [Project 1-111] Unisim Transformation Summary:
No Unisim elements were transformed.

open_run: Time (s): cpu = 00:00:11 ; elapsed = 00:00:12 . Memory (MB): peak = 1230.098 ; gain = 317.066
close_design
synth_design -rtl -name rtl_1
Command: synth_design -rtl -name rtl_1
Starting synth_design
Using part: xc7a35tcpg236-1
Top: AUDIO_FX_TOP
---------------------------------------------------------------------------------
Starting RTL Elaboration : Time (s): cpu = 00:02:53 ; elapsed = 00:47:27 . Memory (MB): peak = 1552.387 ; gain = 1345.457
---------------------------------------------------------------------------------
INFO: [Synth 8-638] synthesizing module 'AUDIO_FX_TOP' [C:/Users/Wei Zheng/Desktop/NUS/Y2S1/EE2020/Project/audio_effects/audio_effects.srcs/sources_1/new/AUDIO_FX_TOP.v:14]
INFO: [Synth 8-638] synthesizing module 'CLK_20K' [C:/Users/Wei Zheng/Desktop/NUS/Y2S1/EE2020/Project/audio_effects/audio_effects.srcs/sources_1/new/CLK_20K.v:23]
INFO: [Synth 8-256] done synthesizing module 'CLK_20K' (1#1) [C:/Users/Wei Zheng/Desktop/NUS/Y2S1/EE2020/Project/audio_effects/audio_effects.srcs/sources_1/new/CLK_20K.v:23]
INFO: [Synth 8-638] synthesizing module 'CLK_50M' [C:/Users/Wei Zheng/Desktop/NUS/Y2S1/EE2020/Project/audio_effects/audio_effects.srcs/sources_1/new/CLK_50M.v:23]
INFO: [Synth 8-256] done synthesizing module 'CLK_50M' (2#1) [C:/Users/Wei Zheng/Desktop/NUS/Y2S1/EE2020/Project/audio_effects/audio_effects.srcs/sources_1/new/CLK_50M.v:23]
INFO: [Synth 8-638] synthesizing module 'FLEXIBLE_CLK_DIVIDER' [C:/Users/Wei Zheng/Desktop/NUS/Y2S1/EE2020/Project/audio_effects/audio_effects.srcs/sources_1/new/FLEXIBLE_CLK_DIVIDER.v:23]
WARNING: [Synth 8-387] label required on module instance [C:/Users/Wei Zheng/Desktop/NUS/Y2S1/EE2020/Project/audio_effects/audio_effects.srcs/sources_1/new/FLEXIBLE_CLK_DIVIDER.v:30]
INFO: [Synth 8-638] synthesizing module 'TARGET_FREQ_CALC' [C:/Users/Wei Zheng/Desktop/NUS/Y2S1/EE2020/Project/audio_effects/audio_effects.srcs/sources_1/new/TARGET_FREQ_CALC.v:23]
INFO: [Synth 8-256] done synthesizing module 'TARGET_FREQ_CALC' (3#1) [C:/Users/Wei Zheng/Desktop/NUS/Y2S1/EE2020/Project/audio_effects/audio_effects.srcs/sources_1/new/TARGET_FREQ_CALC.v:23]
WARNING: [Synth 8-387] label required on module instance [C:/Users/Wei Zheng/Desktop/NUS/Y2S1/EE2020/Project/audio_effects/audio_effects.srcs/sources_1/new/FLEXIBLE_CLK_DIVIDER.v:31]
INFO: [Synth 8-638] synthesizing module 'CLK_VAR' [C:/Users/Wei Zheng/Desktop/NUS/Y2S1/EE2020/Project/audio_effects/audio_effects.srcs/sources_1/new/CLK_VAR.v:23]
INFO: [Synth 8-256] done synthesizing module 'CLK_VAR' (4#1) [C:/Users/Wei Zheng/Desktop/NUS/Y2S1/EE2020/Project/audio_effects/audio_effects.srcs/sources_1/new/CLK_VAR.v:23]
INFO: [Synth 8-256] done synthesizing module 'FLEXIBLE_CLK_DIVIDER' (5#1) [C:/Users/Wei Zheng/Desktop/NUS/Y2S1/EE2020/Project/audio_effects/audio_effects.srcs/sources_1/new/FLEXIBLE_CLK_DIVIDER.v:23]
WARNING: [Synth 8-689] width (12) of port connection 'desired_clk' does not match port width (1) of module 'FLEXIBLE_CLK_DIVIDER' [C:/Users/Wei Zheng/Desktop/NUS/Y2S1/EE2020/Project/audio_effects/audio_effects.srcs/sources_1/new/AUDIO_FX_TOP.v:90]
WARNING: [Synth 8-689] width (12) of port connection 'desired_clk' does not match port width (1) of module 'FLEXIBLE_CLK_DIVIDER' [C:/Users/Wei Zheng/Desktop/NUS/Y2S1/EE2020/Project/audio_effects/audio_effects.srcs/sources_1/new/AUDIO_FX_TOP.v:91]
WARNING: [Synth 8-689] width (12) of port connection 'desired_clk' does not match port width (1) of module 'FLEXIBLE_CLK_DIVIDER' [C:/Users/Wei Zheng/Desktop/NUS/Y2S1/EE2020/Project/audio_effects/audio_effects.srcs/sources_1/new/AUDIO_FX_TOP.v:92]
WARNING: [Synth 8-689] width (12) of port connection 'desired_clk' does not match port width (1) of module 'FLEXIBLE_CLK_DIVIDER' [C:/Users/Wei Zheng/Desktop/NUS/Y2S1/EE2020/Project/audio_effects/audio_effects.srcs/sources_1/new/AUDIO_FX_TOP.v:93]
WARNING: [Synth 8-689] width (12) of port connection 'desired_clk' does not match port width (1) of module 'FLEXIBLE_CLK_DIVIDER' [C:/Users/Wei Zheng/Desktop/NUS/Y2S1/EE2020/Project/audio_effects/audio_effects.srcs/sources_1/new/AUDIO_FX_TOP.v:94]
WARNING: [Synth 8-689] width (1) of port connection 'desired_freq' does not match port width (32) of module 'FLEXIBLE_CLK_DIVIDER' [C:/Users/Wei Zheng/Desktop/NUS/Y2S1/EE2020/Project/audio_effects/audio_effects.srcs/sources_1/new/AUDIO_FX_TOP.v:104]
INFO: [Synth 8-638] synthesizing module 'SINGLE_PULSE_DFF' [C:/Users/Wei Zheng/Desktop/NUS/Y2S1/EE2020/Project/audio_effects/audio_effects.srcs/sources_1/new/SINGLE_PULSE_DFF.v:23]
INFO: [Synth 8-638] synthesizing module 'my_dff' [C:/Users/Wei Zheng/Desktop/NUS/Y2S1/EE2020/Project/audio_effects/audio_effects.srcs/sources_1/new/my_dff.v:23]
INFO: [Synth 8-256] done synthesizing module 'my_dff' (6#1) [C:/Users/Wei Zheng/Desktop/NUS/Y2S1/EE2020/Project/audio_effects/audio_effects.srcs/sources_1/new/my_dff.v:23]
INFO: [Synth 8-256] done synthesizing module 'SINGLE_PULSE_DFF' (7#1) [C:/Users/Wei Zheng/Desktop/NUS/Y2S1/EE2020/Project/audio_effects/audio_effects.srcs/sources_1/new/SINGLE_PULSE_DFF.v:23]
INFO: [Synth 8-638] synthesizing module 'SPI' [C:/Users/Wei Zheng/Desktop/NUS/Y2S1/EE2020/Project/audio_effects/audio_effects.srcs/sources_1/new/SPI.v:20]
INFO: [Synth 8-256] done synthesizing module 'SPI' (8#1) [C:/Users/Wei Zheng/Desktop/NUS/Y2S1/EE2020/Project/audio_effects/audio_effects.srcs/sources_1/new/SPI.v:20]
INFO: [Synth 8-638] synthesizing module 'NOTE_SELECT' [C:/Users/Wei Zheng/Desktop/NUS/Y2S1/EE2020/Project/audio_effects/audio_effects.srcs/sources_1/new/NOTE_SELECT.v:23]
INFO: [Synth 8-256] done synthesizing module 'NOTE_SELECT' (9#1) [C:/Users/Wei Zheng/Desktop/NUS/Y2S1/EE2020/Project/audio_effects/audio_effects.srcs/sources_1/new/NOTE_SELECT.v:23]
INFO: [Synth 8-638] synthesizing module 'SSegDisp' [C:/Users/Wei Zheng/Desktop/NUS/Y2S1/EE2020/Project/Seven Seg/SSegDisp.v:5]
INFO: [Synth 8-638] synthesizing module 'BINtoINT' [C:/Users/Wei Zheng/Desktop/NUS/Y2S1/EE2020/Project/Seven Seg/BINtoINT.v:5]
INFO: [Synth 8-256] done synthesizing module 'BINtoINT' (10#1) [C:/Users/Wei Zheng/Desktop/NUS/Y2S1/EE2020/Project/Seven Seg/BINtoINT.v:5]
INFO: [Synth 8-638] synthesizing module 'INTtoSEG' [C:/Users/Wei Zheng/Desktop/NUS/Y2S1/EE2020/Project/Seven Seg/INTtoSEG.v:4]
INFO: [Synth 8-256] done synthesizing module 'INTtoSEG' (11#1) [C:/Users/Wei Zheng/Desktop/NUS/Y2S1/EE2020/Project/Seven Seg/INTtoSEG.v:4]
INFO: [Synth 8-638] synthesizing module 'Sev_Seg' [C:/Users/Wei Zheng/Desktop/NUS/Y2S1/EE2020/Project/Seven Seg/Sev_Seg.v:4]
INFO: [Synth 8-256] done synthesizing module 'Sev_Seg' (12#1) [C:/Users/Wei Zheng/Desktop/NUS/Y2S1/EE2020/Project/Seven Seg/Sev_Seg.v:4]
INFO: [Synth 8-256] done synthesizing module 'SSegDisp' (13#1) [C:/Users/Wei Zheng/Desktop/NUS/Y2S1/EE2020/Project/Seven Seg/SSegDisp.v:5]
INFO: [Synth 8-638] synthesizing module 'volume_indicator' [C:/Users/Wei Zheng/Desktop/NUS/Y2S1/EE2020/Project/audio_effects/audio_effects.srcs/sources_1/new/volume_indicator.v:22]
INFO: [Synth 8-256] done synthesizing module 'volume_indicator' (14#1) [C:/Users/Wei Zheng/Desktop/NUS/Y2S1/EE2020/Project/audio_effects/audio_effects.srcs/sources_1/new/volume_indicator.v:22]
INFO: [Synth 8-638] synthesizing module 'DA2RefComp' [C:/Users/Wei Zheng/Desktop/audio_effects/audio_effects.srcs/sources_1/imports/audio_effects.srcs/DA2CompRef.vhd:59]
INFO: [Synth 8-256] done synthesizing module 'DA2RefComp' (15#1) [C:/Users/Wei Zheng/Desktop/audio_effects/audio_effects.srcs/sources_1/imports/audio_effects.srcs/DA2CompRef.vhd:59]
WARNING: [Synth 8-3848] Net delay_out in module/entity AUDIO_FX_TOP does not have driver. [C:/Users/Wei Zheng/Desktop/NUS/Y2S1/EE2020/Project/audio_effects/audio_effects.srcs/sources_1/new/AUDIO_FX_TOP.v:127]
WARNING: [Synth 8-3848] Net led_frequency in module/entity AUDIO_FX_TOP does not have driver. [C:/Users/Wei Zheng/Desktop/NUS/Y2S1/EE2020/Project/audio_effects/audio_effects.srcs/sources_1/new/AUDIO_FX_TOP.v:104]
INFO: [Synth 8-256] done synthesizing module 'AUDIO_FX_TOP' (16#1) [C:/Users/Wei Zheng/Desktop/NUS/Y2S1/EE2020/Project/audio_effects/audio_effects.srcs/sources_1/new/AUDIO_FX_TOP.v:14]
WARNING: [Synth 8-3331] design AUDIO_FX_TOP has unconnected port playbackswitch
WARNING: [Synth 8-3331] design AUDIO_FX_TOP has unconnected port fasterhello
---------------------------------------------------------------------------------
Finished RTL Elaboration : Time (s): cpu = 00:02:54 ; elapsed = 00:47:28 . Memory (MB): peak = 1552.387 ; gain = 1345.457
---------------------------------------------------------------------------------

Report Check Netlist: 
+------+------------------+-------+---------+-------+------------------+
|      |Item              |Errors |Warnings |Status |Description       |
+------+------------------+-------+---------+-------+------------------+
|1     |multi_driven_nets |      0|        0|Passed |Multi driven nets |
+------+------------------+-------+---------+-------+------------------+
WARNING: [Synth 8-3295] tying undriven pin clk20:desired_freq[0] to constant 0 [C:/Users/Wei Zheng/Desktop/NUS/Y2S1/EE2020/Project/audio_effects/audio_effects.srcs/sources_1/new/AUDIO_FX_TOP.v:104]
WARNING: [Synth 8-3295] tying undriven pin u2:DATA2[11] to constant 0 [C:/Users/Wei Zheng/Desktop/NUS/Y2S1/EE2020/Project/audio_effects/audio_effects.srcs/sources_1/new/AUDIO_FX_TOP.v:164]
WARNING: [Synth 8-3295] tying undriven pin u2:DATA2[10] to constant 0 [C:/Users/Wei Zheng/Desktop/NUS/Y2S1/EE2020/Project/audio_effects/audio_effects.srcs/sources_1/new/AUDIO_FX_TOP.v:164]
WARNING: [Synth 8-3295] tying undriven pin u2:DATA2[9] to constant 0 [C:/Users/Wei Zheng/Desktop/NUS/Y2S1/EE2020/Project/audio_effects/audio_effects.srcs/sources_1/new/AUDIO_FX_TOP.v:164]
WARNING: [Synth 8-3295] tying undriven pin u2:DATA2[8] to constant 0 [C:/Users/Wei Zheng/Desktop/NUS/Y2S1/EE2020/Project/audio_effects/audio_effects.srcs/sources_1/new/AUDIO_FX_TOP.v:164]
WARNING: [Synth 8-3295] tying undriven pin u2:DATA2[7] to constant 0 [C:/Users/Wei Zheng/Desktop/NUS/Y2S1/EE2020/Project/audio_effects/audio_effects.srcs/sources_1/new/AUDIO_FX_TOP.v:164]
WARNING: [Synth 8-3295] tying undriven pin u2:DATA2[6] to constant 0 [C:/Users/Wei Zheng/Desktop/NUS/Y2S1/EE2020/Project/audio_effects/audio_effects.srcs/sources_1/new/AUDIO_FX_TOP.v:164]
WARNING: [Synth 8-3295] tying undriven pin u2:DATA2[5] to constant 0 [C:/Users/Wei Zheng/Desktop/NUS/Y2S1/EE2020/Project/audio_effects/audio_effects.srcs/sources_1/new/AUDIO_FX_TOP.v:164]
WARNING: [Synth 8-3295] tying undriven pin u2:DATA2[4] to constant 0 [C:/Users/Wei Zheng/Desktop/NUS/Y2S1/EE2020/Project/audio_effects/audio_effects.srcs/sources_1/new/AUDIO_FX_TOP.v:164]
WARNING: [Synth 8-3295] tying undriven pin u2:DATA2[3] to constant 0 [C:/Users/Wei Zheng/Desktop/NUS/Y2S1/EE2020/Project/audio_effects/audio_effects.srcs/sources_1/new/AUDIO_FX_TOP.v:164]
WARNING: [Synth 8-3295] tying undriven pin u2:DATA2[2] to constant 0 [C:/Users/Wei Zheng/Desktop/NUS/Y2S1/EE2020/Project/audio_effects/audio_effects.srcs/sources_1/new/AUDIO_FX_TOP.v:164]
WARNING: [Synth 8-3295] tying undriven pin u2:DATA2[1] to constant 0 [C:/Users/Wei Zheng/Desktop/NUS/Y2S1/EE2020/Project/audio_effects/audio_effects.srcs/sources_1/new/AUDIO_FX_TOP.v:164]
WARNING: [Synth 8-3295] tying undriven pin u2:DATA2[0] to constant 0 [C:/Users/Wei Zheng/Desktop/NUS/Y2S1/EE2020/Project/audio_effects/audio_effects.srcs/sources_1/new/AUDIO_FX_TOP.v:164]
---------------------------------------------------------------------------------
Finished RTL Optimization Phase 1 : Time (s): cpu = 00:02:54 ; elapsed = 00:47:28 . Memory (MB): peak = 1552.387 ; gain = 1345.457
---------------------------------------------------------------------------------
INFO: [Project 1-570] Preparing netlist for logic optimization

Processing XDC Constraints
Initializing timing engine
Parsing XDC File [C:/Users/Wei Zheng/Desktop/NUS/Y2S1/EE2020/Project/audio_effects/audio_effects.srcs/constrs_1/imports/Learn/Basys3_Master.xdc]
Finished Parsing XDC File [C:/Users/Wei Zheng/Desktop/NUS/Y2S1/EE2020/Project/audio_effects/audio_effects.srcs/constrs_1/imports/Learn/Basys3_Master.xdc]
Completed Processing XDC Constraints

INFO: [Opt 31-138] Pushed 0 inverter(s) to 0 load pin(s).
INFO: [Project 1-111] Unisim Transformation Summary:
No Unisim elements were transformed.

RTL Elaboration Complete:  : Time (s): cpu = 00:02:59 ; elapsed = 00:47:31 . Memory (MB): peak = 1663.516 ; gain = 1456.586
35 Infos, 25 Warnings, 0 Critical Warnings and 0 Errors encountered.
synth_design completed successfully
synth_design: Time (s): cpu = 00:00:08 ; elapsed = 00:00:07 . Memory (MB): peak = 1663.516 ; gain = 111.129
reset_run synth_1
launch_runs impl_1 -to_step write_bitstream -jobs 4
[Wed Nov 01 13:03:58 2017] Launched synth_1...
Run output will be captured here: C:/Users/Wei Zheng/Desktop/NUS/Y2S1/EE2020/Project/audio_effects/audio_effects.runs/synth_1/runme.log
[Wed Nov 01 13:03:58 2017] Launched impl_1...
Run output will be captured here: C:/Users/Wei Zheng/Desktop/NUS/Y2S1/EE2020/Project/audio_effects/audio_effects.runs/impl_1/runme.log
set_property PROBES.FILE {} [lindex [get_hw_devices] 0]
set_property PROGRAM.FILE {C:/Users/Wei Zheng/Desktop/NUS/Y2S1/EE2020/Project/audio_effects/audio_effects.runs/impl_1/AUDIO_FX_TOP.bit} [lindex [get_hw_devices] 0]
program_hw_devices [lindex [get_hw_devices] 0]
INFO: [Labtools 27-3164] End of startup status: HIGH
refresh_hw_device [lindex [get_hw_devices] 0]
INFO: [Labtools 27-1434] Device xc7a35t (JTAG device index = 0) is programmed with a design that has no supported debug core(s) in it.
WARNING: [Labtools 27-3123] The debug hub core was not detected at User Scan Chain 1 or 3.
Resolution: 
1. Make sure the clock connected to the debug hub (dbg_hub) core is a free running clock and is active OR
2. Manually launch hw_server with -e "set xsdb-user-bscan <C_USER_SCAN_CHAIN scan_chain_number>" to detect the debug hub at User Scan Chain of 2 or 4. To determine the user scan chain setting, open the implemented design and use: get_property C_USER_SCAN_CHAIN [get_debug_cores dbg_hub].
reset_run synth_1
launch_runs impl_1 -to_step write_bitstream -jobs 4
[Wed Nov 01 13:14:21 2017] Launched synth_1...
Run output will be captured here: C:/Users/Wei Zheng/Desktop/NUS/Y2S1/EE2020/Project/audio_effects/audio_effects.runs/synth_1/runme.log
[Wed Nov 01 13:14:21 2017] Launched impl_1...
Run output will be captured here: C:/Users/Wei Zheng/Desktop/NUS/Y2S1/EE2020/Project/audio_effects/audio_effects.runs/impl_1/runme.log
set_property PROBES.FILE {} [lindex [get_hw_devices] 0]
set_property PROGRAM.FILE {C:/Users/Wei Zheng/Desktop/NUS/Y2S1/EE2020/Project/audio_effects/audio_effects.runs/impl_1/AUDIO_FX_TOP.bit} [lindex [get_hw_devices] 0]
program_hw_devices [lindex [get_hw_devices] 0]
INFO: [Labtools 27-3164] End of startup status: HIGH
refresh_hw_device [lindex [get_hw_devices] 0]
INFO: [Labtools 27-1434] Device xc7a35t (JTAG device index = 0) is programmed with a design that has no supported debug core(s) in it.
WARNING: [Labtools 27-3123] The debug hub core was not detected at User Scan Chain 1 or 3.
Resolution: 
1. Make sure the clock connected to the debug hub (dbg_hub) core is a free running clock and is active OR
2. Manually launch hw_server with -e "set xsdb-user-bscan <C_USER_SCAN_CHAIN scan_chain_number>" to detect the debug hub at User Scan Chain of 2 or 4. To determine the user scan chain setting, open the implemented design and use: get_property C_USER_SCAN_CHAIN [get_debug_cores dbg_hub].
ERROR: [Labtoolstcl 44-513] HW Target shutdown. Closing target: localhost:3121/xilinx_tcf/Digilent/210183714400A
close [ open {C:/Users/Wei Zheng/Desktop/NUS/Y2S1/EE2020/Project/audio_effects/audio_effects.srcs/sources_1/new/CIRCULAR_BUFFER.v} w ]
add_files {{C:/Users/Wei Zheng/Desktop/NUS/Y2S1/EE2020/Project/audio_effects/audio_effects.srcs/sources_1/new/CIRCULAR_BUFFER.v}}
update_compile_order -fileset sources_1
exit
INFO: [Common 17-206] Exiting Vivado at Wed Nov 01 14:11:37 2017...
