#-----------------------------------------------------------
# Vivado v2016.2 (64-bit)
# SW Build 1577090 on Thu Jun  2 16:32:40 MDT 2016
# IP Build 1577682 on Fri Jun  3 12:00:54 MDT 2016
# Start of session at: Tue Oct 31 14:13:52 2017
# Process ID: 8632
# Current directory: C:/Users/Wei Zheng/Desktop/NUS/Y2S1/EE2020/Project/audio_effects
# Command line: vivado.exe -gui_launcher_event rodinguilauncherevent11756 C:\Users\Wei Zheng\Desktop\NUS\Y2S1\EE2020\Project\audio_effects\audio_effects.xpr
# Log file: C:/Users/Wei Zheng/Desktop/NUS/Y2S1/EE2020/Project/audio_effects/vivado.log
# Journal file: C:/Users/Wei Zheng/Desktop/NUS/Y2S1/EE2020/Project/audio_effects\vivado.jou
#-----------------------------------------------------------
start_gui
open_project {C:/Users/Wei Zheng/Desktop/NUS/Y2S1/EE2020/Project/audio_effects/audio_effects.xpr}
Scanning sources...
Finished scanning sources
INFO: [IP_Flow 19-234] Refreshing IP repositories
INFO: [IP_Flow 19-1704] No user IP repositories specified
INFO: [IP_Flow 19-2313] Loaded Vivado IP repository 'D:/Vivado/Vivado/2016.2/data/ip'.
open_project: Time (s): cpu = 00:00:11 ; elapsed = 00:00:11 . Memory (MB): peak = 777.023 ; gain = 152.211
update_compile_order -fileset sources_1
reset_run synth_1
launch_runs impl_1 -to_step write_bitstream
[Tue Oct 31 14:21:37 2017] Launched synth_1...
Run output will be captured here: C:/Users/Wei Zheng/Desktop/NUS/Y2S1/EE2020/Project/audio_effects/audio_effects.runs/synth_1/runme.log
[Tue Oct 31 14:21:37 2017] Launched impl_1...
Run output will be captured here: C:/Users/Wei Zheng/Desktop/NUS/Y2S1/EE2020/Project/audio_effects/audio_effects.runs/impl_1/runme.log
reset_run impl_1 -prev_step 
launch_runs impl_1 -to_step write_bitstream
[Tue Oct 31 14:29:37 2017] Launched impl_1...
Run output will be captured here: C:/Users/Wei Zheng/Desktop/NUS/Y2S1/EE2020/Project/audio_effects/audio_effects.runs/impl_1/runme.log
open_hw
connect_hw_server
INFO: [Labtools 27-2285] Connecting to hw_server url TCP:localhost:3121
INFO: [Labtools 27-2222] Launching hw_server...
INFO: [Labtools 27-2221] Launch Output:

****** Xilinx hw_server v2016.2
  **** Build date : Jun  2 2016-16:57:03
    ** Copyright 1986-2016 Xilinx, Inc. All Rights Reserved.


open_hw_target
INFO: [Labtoolstcl 44-466] Opening hw_target localhost:3121/xilinx_tcf/Digilent/210183714400A
current_hw_device [lindex [get_hw_devices] 0]
refresh_hw_device -update_hw_probes false [lindex [get_hw_devices] 0]
INFO: [Labtools 27-1434] Device xc7a35t (JTAG device index = 0) is programmed with a design that has no supported debug core(s) in it.
WARNING: [Labtools 27-3123] The debug hub core was not detected at User Scan Chain 1 or 3.
Resolution: 
1. Make sure the clock connected to the debug hub (dbg_hub) core is a free running clock and is active OR
2. Manually launch hw_server with -e "set xsdb-user-bscan <C_USER_SCAN_CHAIN scan_chain_number>" to detect the debug hub at User Scan Chain of 2 or 4. To determine the user scan chain setting, open the implemented design and use: get_property C_USER_SCAN_CHAIN [get_debug_cores dbg_hub].
set_property PROBES.FILE {} [lindex [get_hw_devices] 0]
set_property PROGRAM.FILE {C:/Users/Wei Zheng/Desktop/NUS/Y2S1/EE2020/Project/audio_effects/audio_effects.runs/impl_1/AUDIO_FX_TOP.bit} [lindex [get_hw_devices] 0]
program_hw_devices [lindex [get_hw_devices] 0]
INFO: [Labtools 27-3164] End of startup status: HIGH
refresh_hw_device [lindex [get_hw_devices] 0]
INFO: [Labtools 27-1434] Device xc7a35t (JTAG device index = 0) is programmed with a design that has no supported debug core(s) in it.
WARNING: [Labtools 27-3123] The debug hub core was not detected at User Scan Chain 1 or 3.
Resolution: 
1. Make sure the clock connected to the debug hub (dbg_hub) core is a free running clock and is active OR
2. Manually launch hw_server with -e "set xsdb-user-bscan <C_USER_SCAN_CHAIN scan_chain_number>" to detect the debug hub at User Scan Chain of 2 or 4. To determine the user scan chain setting, open the implemented design and use: get_property C_USER_SCAN_CHAIN [get_debug_cores dbg_hub].
reset_run synth_1
launch_runs impl_1 -to_step write_bitstream
[Tue Oct 31 14:35:08 2017] Launched synth_1...
Run output will be captured here: C:/Users/Wei Zheng/Desktop/NUS/Y2S1/EE2020/Project/audio_effects/audio_effects.runs/synth_1/runme.log
[Tue Oct 31 14:35:08 2017] Launched impl_1...
Run output will be captured here: C:/Users/Wei Zheng/Desktop/NUS/Y2S1/EE2020/Project/audio_effects/audio_effects.runs/impl_1/runme.log
set_property PROBES.FILE {} [lindex [get_hw_devices] 0]
set_property PROGRAM.FILE {C:/Users/Wei Zheng/Desktop/NUS/Y2S1/EE2020/Project/audio_effects/audio_effects.runs/impl_1/AUDIO_FX_TOP.bit} [lindex [get_hw_devices] 0]
program_hw_devices [lindex [get_hw_devices] 0]
INFO: [Labtools 27-3164] End of startup status: HIGH
refresh_hw_device [lindex [get_hw_devices] 0]
INFO: [Labtools 27-1434] Device xc7a35t (JTAG device index = 0) is programmed with a design that has no supported debug core(s) in it.
WARNING: [Labtools 27-3123] The debug hub core was not detected at User Scan Chain 1 or 3.
Resolution: 
1. Make sure the clock connected to the debug hub (dbg_hub) core is a free running clock and is active OR
2. Manually launch hw_server with -e "set xsdb-user-bscan <C_USER_SCAN_CHAIN scan_chain_number>" to detect the debug hub at User Scan Chain of 2 or 4. To determine the user scan chain setting, open the implemented design and use: get_property C_USER_SCAN_CHAIN [get_debug_cores dbg_hub].
reset_run synth_1
launch_runs impl_1 -to_step write_bitstream
[Tue Oct 31 14:51:49 2017] Launched synth_1...
Run output will be captured here: C:/Users/Wei Zheng/Desktop/NUS/Y2S1/EE2020/Project/audio_effects/audio_effects.runs/synth_1/runme.log
[Tue Oct 31 14:51:49 2017] Launched impl_1...
Run output will be captured here: C:/Users/Wei Zheng/Desktop/NUS/Y2S1/EE2020/Project/audio_effects/audio_effects.runs/impl_1/runme.log
remove_files {{C:/Users/Wei Zheng/Desktop/NUS/Y2S1/EE2020/Project/audio_effects/audio_effects.srcs/sources_1/new/CHECK_LONG.v}}
set_property PROBES.FILE {} [lindex [get_hw_devices] 0]
set_property PROGRAM.FILE {C:/Users/Wei Zheng/Desktop/NUS/Y2S1/EE2020/Project/audio_effects/audio_effects.runs/impl_1/AUDIO_FX_TOP.bit} [lindex [get_hw_devices] 0]
program_hw_devices [lindex [get_hw_devices] 0]
INFO: [Labtools 27-3164] End of startup status: HIGH
refresh_hw_device [lindex [get_hw_devices] 0]
INFO: [Labtools 27-1434] Device xc7a35t (JTAG device index = 0) is programmed with a design that has no supported debug core(s) in it.
WARNING: [Labtools 27-3123] The debug hub core was not detected at User Scan Chain 1 or 3.
Resolution: 
1. Make sure the clock connected to the debug hub (dbg_hub) core is a free running clock and is active OR
2. Manually launch hw_server with -e "set xsdb-user-bscan <C_USER_SCAN_CHAIN scan_chain_number>" to detect the debug hub at User Scan Chain of 2 or 4. To determine the user scan chain setting, open the implemented design and use: get_property C_USER_SCAN_CHAIN [get_debug_cores dbg_hub].
remove_files {{C:/Users/Wei Zheng/Desktop/NUS/Y2S1/EE2020/Project/audio_effects/audio_effects.srcs/sources_1/new/SINE_LUT.v}}
file delete -force {C:/Users/Wei Zheng/Desktop/NUS/Y2S1/EE2020/Project/audio_effects/audio_effects.srcs/sources_1/new/SINE_LUT.v}
remove_files {{C:/Users/Wei Zheng/Desktop/NUS/Y2S1/EE2020/Project/audio_effects/audio_effects.srcs/sources_1/new/albert.v}}
file delete -force {C:/Users/Wei Zheng/Desktop/NUS/Y2S1/EE2020/Project/audio_effects/audio_effects.srcs/sources_1/new/albert.v}
close [ open {C:/Users/Wei Zheng/Desktop/NUS/Y2S1/EE2020/Project/audio_effects/audio_effects.srcs/sources_1/new/PULSE_OUT.v} w ]
add_files {{C:/Users/Wei Zheng/Desktop/NUS/Y2S1/EE2020/Project/audio_effects/audio_effects.srcs/sources_1/new/PULSE_OUT.v}}
update_compile_order -fileset sources_1
close [ open {C:/Users/Wei Zheng/Desktop/NUS/Y2S1/EE2020/Project/audio_effects/audio_effects.srcs/sources_1/new/NOTE_SELECT.v} w ]
add_files {{C:/Users/Wei Zheng/Desktop/NUS/Y2S1/EE2020/Project/audio_effects/audio_effects.srcs/sources_1/new/NOTE_SELECT.v}}
update_compile_order -fileset sources_1
remove_files {{C:/Users/Wei Zheng/Desktop/NUS/Y2S1/EE2020/Project/audio_effects/audio_effects.srcs/sources_1/new/PULSE_OUT.v}}
file delete -force {C:/Users/Wei Zheng/Desktop/NUS/Y2S1/EE2020/Project/audio_effects/audio_effects.srcs/sources_1/new/PULSE_OUT.v}
update_compile_order -fileset sources_1
reset_run synth_1
launch_runs impl_1 -to_step write_bitstream
[Tue Oct 31 15:18:40 2017] Launched synth_1...
Run output will be captured here: C:/Users/Wei Zheng/Desktop/NUS/Y2S1/EE2020/Project/audio_effects/audio_effects.runs/synth_1/runme.log
[Tue Oct 31 15:18:40 2017] Launched impl_1...
Run output will be captured here: C:/Users/Wei Zheng/Desktop/NUS/Y2S1/EE2020/Project/audio_effects/audio_effects.runs/impl_1/runme.log
reset_run synth_1
update_compile_order -fileset sources_1
launch_runs impl_1 -to_step write_bitstream
[Tue Oct 31 15:19:13 2017] Launched synth_1...
Run output will be captured here: C:/Users/Wei Zheng/Desktop/NUS/Y2S1/EE2020/Project/audio_effects/audio_effects.runs/synth_1/runme.log
[Tue Oct 31 15:19:13 2017] Launched impl_1...
Run output will be captured here: C:/Users/Wei Zheng/Desktop/NUS/Y2S1/EE2020/Project/audio_effects/audio_effects.runs/impl_1/runme.log
set_property PROBES.FILE {} [lindex [get_hw_devices] 0]
set_property PROGRAM.FILE {C:/Users/Wei Zheng/Desktop/NUS/Y2S1/EE2020/Project/audio_effects/audio_effects.runs/impl_1/AUDIO_FX_TOP.bit} [lindex [get_hw_devices] 0]
program_hw_devices [lindex [get_hw_devices] 0]
INFO: [Labtools 27-3164] End of startup status: HIGH
refresh_hw_device [lindex [get_hw_devices] 0]
INFO: [Labtools 27-1434] Device xc7a35t (JTAG device index = 0) is programmed with a design that has no supported debug core(s) in it.
WARNING: [Labtools 27-3123] The debug hub core was not detected at User Scan Chain 1 or 3.
Resolution: 
1. Make sure the clock connected to the debug hub (dbg_hub) core is a free running clock and is active OR
2. Manually launch hw_server with -e "set xsdb-user-bscan <C_USER_SCAN_CHAIN scan_chain_number>" to detect the debug hub at User Scan Chain of 2 or 4. To determine the user scan chain setting, open the implemented design and use: get_property C_USER_SCAN_CHAIN [get_debug_cores dbg_hub].
update_compile_order -fileset sources_1
reset_run synth_1
launch_runs impl_1 -to_step write_bitstream
[Tue Oct 31 15:34:39 2017] Launched synth_1...
Run output will be captured here: C:/Users/Wei Zheng/Desktop/NUS/Y2S1/EE2020/Project/audio_effects/audio_effects.runs/synth_1/runme.log
[Tue Oct 31 15:34:39 2017] Launched impl_1...
Run output will be captured here: C:/Users/Wei Zheng/Desktop/NUS/Y2S1/EE2020/Project/audio_effects/audio_effects.runs/impl_1/runme.log
set_property PROBES.FILE {} [lindex [get_hw_devices] 0]
set_property PROGRAM.FILE {C:/Users/Wei Zheng/Desktop/NUS/Y2S1/EE2020/Project/audio_effects/audio_effects.runs/impl_1/AUDIO_FX_TOP.bit} [lindex [get_hw_devices] 0]
program_hw_devices [lindex [get_hw_devices] 0]
INFO: [Labtools 27-3164] End of startup status: HIGH
refresh_hw_device [lindex [get_hw_devices] 0]
INFO: [Labtools 27-1434] Device xc7a35t (JTAG device index = 0) is programmed with a design that has no supported debug core(s) in it.
WARNING: [Labtools 27-3123] The debug hub core was not detected at User Scan Chain 1 or 3.
Resolution: 
1. Make sure the clock connected to the debug hub (dbg_hub) core is a free running clock and is active OR
2. Manually launch hw_server with -e "set xsdb-user-bscan <C_USER_SCAN_CHAIN scan_chain_number>" to detect the debug hub at User Scan Chain of 2 or 4. To determine the user scan chain setting, open the implemented design and use: get_property C_USER_SCAN_CHAIN [get_debug_cores dbg_hub].
add_files -norecurse {{C:/Users/Wei Zheng/Desktop/NUS/Y2S1/EE2020/Project/Seven Seg/SSegDisp.v} {C:/Users/Wei Zheng/Desktop/NUS/Y2S1/EE2020/Project/Seven Seg/Sev_Seg.v} {C:/Users/Wei Zheng/Desktop/NUS/Y2S1/EE2020/Project/Seven Seg/INTtoSEG.v} {C:/Users/Wei Zheng/Desktop/NUS/Y2S1/EE2020/Project/Seven Seg/BINtoINT.v}}
update_compile_order -fileset sources_1
create_ip -name dist_mem_gen -vendor xilinx.com -library ip -version 8.0 -module_name dist_mem_gen_0
set_property -dict [list CONFIG.depth {8192} CONFIG.data_width {13} CONFIG.memory_type {rom} CONFIG.coefficient_file {C:/Users/Wei Zheng/Desktop/NUS/Y2S1/EE2020/Project/hello_data.coe}] [get_ips dist_mem_gen_0]
INFO: [IP_Flow 19-3484] Absolute path of file 'c:/Users/Wei Zheng/Desktop/NUS/Y2S1/EE2020/Project/hello_data.coe' provided. It will be converted relative to IP Instance files '../../../../../hello_data.coe'
generate_target {instantiation_template} [get_files {{c:/Users/Wei Zheng/Desktop/NUS/Y2S1/EE2020/Project/audio_effects/audio_effects.srcs/sources_1/ip/dist_mem_gen_0/dist_mem_gen_0.xci}}]
INFO: [IP_Flow 19-1686] Generating 'Instantiation Template' target for IP 'dist_mem_gen_0'...
update_compile_order -fileset sources_1
generate_target all [get_files  {{c:/Users/Wei Zheng/Desktop/NUS/Y2S1/EE2020/Project/audio_effects/audio_effects.srcs/sources_1/ip/dist_mem_gen_0/dist_mem_gen_0.xci}}]
INFO: [IP_Flow 19-1686] Generating 'Synthesis' target for IP 'dist_mem_gen_0'...
INFO: [IP_Flow 19-1686] Generating 'Simulation' target for IP 'dist_mem_gen_0'...
INFO: [IP_Flow 19-1686] Generating 'Change Log' target for IP 'dist_mem_gen_0'...
generate_target: Time (s): cpu = 00:00:08 ; elapsed = 00:00:08 . Memory (MB): peak = 950.652 ; gain = 0.000
export_ip_user_files -of_objects [get_files {{c:/Users/Wei Zheng/Desktop/NUS/Y2S1/EE2020/Project/audio_effects/audio_effects.srcs/sources_1/ip/dist_mem_gen_0/dist_mem_gen_0.xci}}] -no_script -force -quiet
create_ip_run [get_files -of_objects [get_fileset sources_1] {{c:/Users/Wei Zheng/Desktop/NUS/Y2S1/EE2020/Project/audio_effects/audio_effects.srcs/sources_1/ip/dist_mem_gen_0/dist_mem_gen_0.xci}}]
launch_run -jobs 4 dist_mem_gen_0_synth_1
[Tue Oct 31 16:14:58 2017] Launched dist_mem_gen_0_synth_1...
Run output will be captured here: C:/Users/Wei Zheng/Desktop/NUS/Y2S1/EE2020/Project/audio_effects/audio_effects.runs/dist_mem_gen_0_synth_1/runme.log
export_simulation -of_objects [get_files {{c:/Users/Wei Zheng/Desktop/NUS/Y2S1/EE2020/Project/audio_effects/audio_effects.srcs/sources_1/ip/dist_mem_gen_0/dist_mem_gen_0.xci}}] -directory {C:/Users/Wei Zheng/Desktop/NUS/Y2S1/EE2020/Project/audio_effects/audio_effects.ip_user_files/sim_scripts} -ip_user_files_dir {C:/Users/Wei Zheng/Desktop/NUS/Y2S1/EE2020/Project/audio_effects/audio_effects.ip_user_files} -ipstatic_source_dir {C:/Users/Wei Zheng/Desktop/NUS/Y2S1/EE2020/Project/audio_effects/audio_effects.ip_user_files/ipstatic} -force -quiet
close [ open {C:/Users/Wei Zheng/Desktop/NUS/Y2S1/EE2020/Project/audio_effects/audio_effects.srcs/sources_1/new/volume_indicator.v} w ]
add_files {{C:/Users/Wei Zheng/Desktop/NUS/Y2S1/EE2020/Project/audio_effects/audio_effects.srcs/sources_1/new/volume_indicator.v}}
update_compile_order -fileset sources_1
update_compile_order -fileset sources_1
ERROR: [Labtoolstcl 44-513] HW Target shutdown. Closing target: localhost:3121/xilinx_tcf/Digilent/210183714400A
update_compile_order -fileset sources_1
reset_run synth_1
launch_runs impl_1 -to_step write_bitstream -jobs 4
[Tue Oct 31 18:29:34 2017] Launched synth_1...
Run output will be captured here: C:/Users/Wei Zheng/Desktop/NUS/Y2S1/EE2020/Project/audio_effects/audio_effects.runs/synth_1/runme.log
[Tue Oct 31 18:29:34 2017] Launched impl_1...
Run output will be captured here: C:/Users/Wei Zheng/Desktop/NUS/Y2S1/EE2020/Project/audio_effects/audio_effects.runs/impl_1/runme.log
reset_run synth_1
launch_runs impl_1 -to_step write_bitstream -jobs 4
[Tue Oct 31 18:31:41 2017] Launched synth_1...
Run output will be captured here: C:/Users/Wei Zheng/Desktop/NUS/Y2S1/EE2020/Project/audio_effects/audio_effects.runs/synth_1/runme.log
[Tue Oct 31 18:31:41 2017] Launched impl_1...
Run output will be captured here: C:/Users/Wei Zheng/Desktop/NUS/Y2S1/EE2020/Project/audio_effects/audio_effects.runs/impl_1/runme.log
reset_run synth_1
launch_runs impl_1 -to_step write_bitstream -jobs 4
[Tue Oct 31 18:33:48 2017] Launched synth_1...
Run output will be captured here: C:/Users/Wei Zheng/Desktop/NUS/Y2S1/EE2020/Project/audio_effects/audio_effects.runs/synth_1/runme.log
[Tue Oct 31 18:33:48 2017] Launched impl_1...
Run output will be captured here: C:/Users/Wei Zheng/Desktop/NUS/Y2S1/EE2020/Project/audio_effects/audio_effects.runs/impl_1/runme.log
update_compile_order -fileset sources_1
reset_run synth_1
launch_runs impl_1 -to_step write_bitstream -jobs 4
[Tue Oct 31 18:34:50 2017] Launched synth_1...
Run output will be captured here: C:/Users/Wei Zheng/Desktop/NUS/Y2S1/EE2020/Project/audio_effects/audio_effects.runs/synth_1/runme.log
[Tue Oct 31 18:34:50 2017] Launched impl_1...
Run output will be captured here: C:/Users/Wei Zheng/Desktop/NUS/Y2S1/EE2020/Project/audio_effects/audio_effects.runs/impl_1/runme.log
reset_run synth_1
launch_runs impl_1 -to_step write_bitstream -jobs 4
[Tue Oct 31 18:36:52 2017] Launched synth_1...
Run output will be captured here: C:/Users/Wei Zheng/Desktop/NUS/Y2S1/EE2020/Project/audio_effects/audio_effects.runs/synth_1/runme.log
[Tue Oct 31 18:36:52 2017] Launched impl_1...
Run output will be captured here: C:/Users/Wei Zheng/Desktop/NUS/Y2S1/EE2020/Project/audio_effects/audio_effects.runs/impl_1/runme.log
INFO: [Labtoolstcl 44-466] Opening hw_target localhost:3121/xilinx_tcf/Digilent/210183714400A
INFO: [Labtools 27-1434] Device xc7a35t (JTAG device index = 0) is programmed with a design that has no supported debug core(s) in it.
WARNING: [Labtools 27-3123] The debug hub core was not detected at User Scan Chain 1 or 3.
Resolution: 
1. Make sure the clock connected to the debug hub (dbg_hub) core is a free running clock and is active OR
2. Manually launch hw_server with -e "set xsdb-user-bscan <C_USER_SCAN_CHAIN scan_chain_number>" to detect the debug hub at User Scan Chain of 2 or 4. To determine the user scan chain setting, open the implemented design and use: get_property C_USER_SCAN_CHAIN [get_debug_cores dbg_hub].
set_property PROBES.FILE {} [lindex [get_hw_devices] 0]
set_property PROGRAM.FILE {C:/Users/Wei Zheng/Desktop/NUS/Y2S1/EE2020/Project/audio_effects/audio_effects.runs/impl_1/AUDIO_FX_TOP.bit} [lindex [get_hw_devices] 0]
program_hw_devices [lindex [get_hw_devices] 0]
INFO: [Labtools 27-3164] End of startup status: HIGH
refresh_hw_device [lindex [get_hw_devices] 0]
INFO: [Labtools 27-1434] Device xc7a35t (JTAG device index = 0) is programmed with a design that has no supported debug core(s) in it.
WARNING: [Labtools 27-3123] The debug hub core was not detected at User Scan Chain 1 or 3.
Resolution: 
1. Make sure the clock connected to the debug hub (dbg_hub) core is a free running clock and is active OR
2. Manually launch hw_server with -e "set xsdb-user-bscan <C_USER_SCAN_CHAIN scan_chain_number>" to detect the debug hub at User Scan Chain of 2 or 4. To determine the user scan chain setting, open the implemented design and use: get_property C_USER_SCAN_CHAIN [get_debug_cores dbg_hub].
reset_run impl_1 -prev_step 
launch_runs impl_1 -to_step write_bitstream -jobs 4
WARNING: [Vivado 12-872] Run step 'Design Initialization' is out-of-date.
[Tue Oct 31 18:43:37 2017] Launched impl_1...
Run output will be captured here: C:/Users/Wei Zheng/Desktop/NUS/Y2S1/EE2020/Project/audio_effects/audio_effects.runs/impl_1/runme.log
reset_run synth_1
launch_runs impl_1 -to_step write_bitstream -jobs 4
[Tue Oct 31 18:44:35 2017] Launched synth_1...
Run output will be captured here: C:/Users/Wei Zheng/Desktop/NUS/Y2S1/EE2020/Project/audio_effects/audio_effects.runs/synth_1/runme.log
[Tue Oct 31 18:44:35 2017] Launched impl_1...
Run output will be captured here: C:/Users/Wei Zheng/Desktop/NUS/Y2S1/EE2020/Project/audio_effects/audio_effects.runs/impl_1/runme.log
set_property PROBES.FILE {} [lindex [get_hw_devices] 0]
set_property PROGRAM.FILE {C:/Users/Wei Zheng/Desktop/NUS/Y2S1/EE2020/Project/audio_effects/audio_effects.runs/impl_1/AUDIO_FX_TOP.bit} [lindex [get_hw_devices] 0]
program_hw_devices [lindex [get_hw_devices] 0]
INFO: [Labtools 27-3164] End of startup status: HIGH
refresh_hw_device [lindex [get_hw_devices] 0]
INFO: [Labtools 27-1434] Device xc7a35t (JTAG device index = 0) is programmed with a design that has no supported debug core(s) in it.
WARNING: [Labtools 27-3123] The debug hub core was not detected at User Scan Chain 1 or 3.
Resolution: 
1. Make sure the clock connected to the debug hub (dbg_hub) core is a free running clock and is active OR
2. Manually launch hw_server with -e "set xsdb-user-bscan <C_USER_SCAN_CHAIN scan_chain_number>" to detect the debug hub at User Scan Chain of 2 or 4. To determine the user scan chain setting, open the implemented design and use: get_property C_USER_SCAN_CHAIN [get_debug_cores dbg_hub].
reset_run impl_1 -prev_step 
launch_runs impl_1 -to_step write_bitstream -jobs 4
WARNING: [Vivado 12-872] Run step 'Design Initialization' is out-of-date.
[Tue Oct 31 18:51:32 2017] Launched impl_1...
Run output will be captured here: C:/Users/Wei Zheng/Desktop/NUS/Y2S1/EE2020/Project/audio_effects/audio_effects.runs/impl_1/runme.log
set_property PROBES.FILE {} [lindex [get_hw_devices] 0]
set_property PROGRAM.FILE {C:/Users/Wei Zheng/Desktop/NUS/Y2S1/EE2020/Project/audio_effects/audio_effects.runs/impl_1/AUDIO_FX_TOP.bit} [lindex [get_hw_devices] 0]
program_hw_devices [lindex [get_hw_devices] 0]
INFO: [Labtools 27-3164] End of startup status: HIGH
refresh_hw_device [lindex [get_hw_devices] 0]
INFO: [Labtools 27-1434] Device xc7a35t (JTAG device index = 0) is programmed with a design that has no supported debug core(s) in it.
WARNING: [Labtools 27-3123] The debug hub core was not detected at User Scan Chain 1 or 3.
Resolution: 
1. Make sure the clock connected to the debug hub (dbg_hub) core is a free running clock and is active OR
2. Manually launch hw_server with -e "set xsdb-user-bscan <C_USER_SCAN_CHAIN scan_chain_number>" to detect the debug hub at User Scan Chain of 2 or 4. To determine the user scan chain setting, open the implemented design and use: get_property C_USER_SCAN_CHAIN [get_debug_cores dbg_hub].
reset_run synth_1
launch_runs impl_1 -to_step write_bitstream -jobs 4
[Tue Oct 31 18:53:26 2017] Launched synth_1...
Run output will be captured here: C:/Users/Wei Zheng/Desktop/NUS/Y2S1/EE2020/Project/audio_effects/audio_effects.runs/synth_1/runme.log
[Tue Oct 31 18:53:26 2017] Launched impl_1...
Run output will be captured here: C:/Users/Wei Zheng/Desktop/NUS/Y2S1/EE2020/Project/audio_effects/audio_effects.runs/impl_1/runme.log
set_property PROBES.FILE {} [lindex [get_hw_devices] 0]
set_property PROGRAM.FILE {C:/Users/Wei Zheng/Desktop/NUS/Y2S1/EE2020/Project/audio_effects/audio_effects.runs/impl_1/AUDIO_FX_TOP.bit} [lindex [get_hw_devices] 0]
program_hw_devices [lindex [get_hw_devices] 0]
INFO: [Labtools 27-3164] End of startup status: HIGH
refresh_hw_device [lindex [get_hw_devices] 0]
INFO: [Labtools 27-1434] Device xc7a35t (JTAG device index = 0) is programmed with a design that has no supported debug core(s) in it.
WARNING: [Labtools 27-3123] The debug hub core was not detected at User Scan Chain 1 or 3.
Resolution: 
1. Make sure the clock connected to the debug hub (dbg_hub) core is a free running clock and is active OR
2. Manually launch hw_server with -e "set xsdb-user-bscan <C_USER_SCAN_CHAIN scan_chain_number>" to detect the debug hub at User Scan Chain of 2 or 4. To determine the user scan chain setting, open the implemented design and use: get_property C_USER_SCAN_CHAIN [get_debug_cores dbg_hub].
reset_run synth_1
launch_runs impl_1 -to_step write_bitstream -jobs 4
[Tue Oct 31 18:57:05 2017] Launched synth_1...
Run output will be captured here: C:/Users/Wei Zheng/Desktop/NUS/Y2S1/EE2020/Project/audio_effects/audio_effects.runs/synth_1/runme.log
[Tue Oct 31 18:57:05 2017] Launched impl_1...
Run output will be captured here: C:/Users/Wei Zheng/Desktop/NUS/Y2S1/EE2020/Project/audio_effects/audio_effects.runs/impl_1/runme.log
reset_run impl_1 -prev_step 
launch_runs impl_1 -to_step write_bitstream -jobs 4
[Tue Oct 31 19:00:03 2017] Launched impl_1...
Run output will be captured here: C:/Users/Wei Zheng/Desktop/NUS/Y2S1/EE2020/Project/audio_effects/audio_effects.runs/impl_1/runme.log
set_property PROBES.FILE {} [lindex [get_hw_devices] 0]
set_property PROGRAM.FILE {C:/Users/Wei Zheng/Desktop/NUS/Y2S1/EE2020/Project/audio_effects/audio_effects.runs/impl_1/AUDIO_FX_TOP.bit} [lindex [get_hw_devices] 0]
program_hw_devices [lindex [get_hw_devices] 0]
INFO: [Labtools 27-3164] End of startup status: HIGH
refresh_hw_device [lindex [get_hw_devices] 0]
INFO: [Labtools 27-1434] Device xc7a35t (JTAG device index = 0) is programmed with a design that has no supported debug core(s) in it.
WARNING: [Labtools 27-3123] The debug hub core was not detected at User Scan Chain 1 or 3.
Resolution: 
1. Make sure the clock connected to the debug hub (dbg_hub) core is a free running clock and is active OR
2. Manually launch hw_server with -e "set xsdb-user-bscan <C_USER_SCAN_CHAIN scan_chain_number>" to detect the debug hub at User Scan Chain of 2 or 4. To determine the user scan chain setting, open the implemented design and use: get_property C_USER_SCAN_CHAIN [get_debug_cores dbg_hub].
reset_run synth_1
launch_runs impl_1 -to_step write_bitstream -jobs 4
[Tue Oct 31 19:04:21 2017] Launched synth_1...
Run output will be captured here: C:/Users/Wei Zheng/Desktop/NUS/Y2S1/EE2020/Project/audio_effects/audio_effects.runs/synth_1/runme.log
[Tue Oct 31 19:04:21 2017] Launched impl_1...
Run output will be captured here: C:/Users/Wei Zheng/Desktop/NUS/Y2S1/EE2020/Project/audio_effects/audio_effects.runs/impl_1/runme.log
set_property PROBES.FILE {} [lindex [get_hw_devices] 0]
set_property PROGRAM.FILE {C:/Users/Wei Zheng/Desktop/NUS/Y2S1/EE2020/Project/audio_effects/audio_effects.runs/impl_1/AUDIO_FX_TOP.bit} [lindex [get_hw_devices] 0]
program_hw_devices [lindex [get_hw_devices] 0]
INFO: [Labtools 27-3164] End of startup status: HIGH
refresh_hw_device [lindex [get_hw_devices] 0]
INFO: [Labtools 27-1434] Device xc7a35t (JTAG device index = 0) is programmed with a design that has no supported debug core(s) in it.
WARNING: [Labtools 27-3123] The debug hub core was not detected at User Scan Chain 1 or 3.
Resolution: 
1. Make sure the clock connected to the debug hub (dbg_hub) core is a free running clock and is active OR
2. Manually launch hw_server with -e "set xsdb-user-bscan <C_USER_SCAN_CHAIN scan_chain_number>" to detect the debug hub at User Scan Chain of 2 or 4. To determine the user scan chain setting, open the implemented design and use: get_property C_USER_SCAN_CHAIN [get_debug_cores dbg_hub].
reset_run synth_1
launch_runs impl_1 -to_step write_bitstream -jobs 4
[Tue Oct 31 19:11:15 2017] Launched synth_1...
Run output will be captured here: C:/Users/Wei Zheng/Desktop/NUS/Y2S1/EE2020/Project/audio_effects/audio_effects.runs/synth_1/runme.log
[Tue Oct 31 19:11:15 2017] Launched impl_1...
Run output will be captured here: C:/Users/Wei Zheng/Desktop/NUS/Y2S1/EE2020/Project/audio_effects/audio_effects.runs/impl_1/runme.log
set_property PROBES.FILE {} [lindex [get_hw_devices] 0]
set_property PROGRAM.FILE {C:/Users/Wei Zheng/Desktop/NUS/Y2S1/EE2020/Project/audio_effects/audio_effects.runs/impl_1/AUDIO_FX_TOP.bit} [lindex [get_hw_devices] 0]
program_hw_devices [lindex [get_hw_devices] 0]
INFO: [Labtools 27-3164] End of startup status: HIGH
refresh_hw_device [lindex [get_hw_devices] 0]
INFO: [Labtools 27-1434] Device xc7a35t (JTAG device index = 0) is programmed with a design that has no supported debug core(s) in it.
WARNING: [Labtools 27-3123] The debug hub core was not detected at User Scan Chain 1 or 3.
Resolution: 
1. Make sure the clock connected to the debug hub (dbg_hub) core is a free running clock and is active OR
2. Manually launch hw_server with -e "set xsdb-user-bscan <C_USER_SCAN_CHAIN scan_chain_number>" to detect the debug hub at User Scan Chain of 2 or 4. To determine the user scan chain setting, open the implemented design and use: get_property C_USER_SCAN_CHAIN [get_debug_cores dbg_hub].
reset_run synth_1
launch_runs impl_1 -to_step write_bitstream -jobs 4
[Tue Oct 31 19:18:21 2017] Launched synth_1...
Run output will be captured here: C:/Users/Wei Zheng/Desktop/NUS/Y2S1/EE2020/Project/audio_effects/audio_effects.runs/synth_1/runme.log
[Tue Oct 31 19:18:21 2017] Launched impl_1...
Run output will be captured here: C:/Users/Wei Zheng/Desktop/NUS/Y2S1/EE2020/Project/audio_effects/audio_effects.runs/impl_1/runme.log
set_property PROBES.FILE {} [lindex [get_hw_devices] 0]
set_property PROGRAM.FILE {C:/Users/Wei Zheng/Desktop/NUS/Y2S1/EE2020/Project/audio_effects/audio_effects.runs/impl_1/AUDIO_FX_TOP.bit} [lindex [get_hw_devices] 0]
program_hw_devices [lindex [get_hw_devices] 0]
INFO: [Labtools 27-3164] End of startup status: HIGH
refresh_hw_device [lindex [get_hw_devices] 0]
INFO: [Labtools 27-1434] Device xc7a35t (JTAG device index = 0) is programmed with a design that has no supported debug core(s) in it.
WARNING: [Labtools 27-3123] The debug hub core was not detected at User Scan Chain 1 or 3.
Resolution: 
1. Make sure the clock connected to the debug hub (dbg_hub) core is a free running clock and is active OR
2. Manually launch hw_server with -e "set xsdb-user-bscan <C_USER_SCAN_CHAIN scan_chain_number>" to detect the debug hub at User Scan Chain of 2 or 4. To determine the user scan chain setting, open the implemented design and use: get_property C_USER_SCAN_CHAIN [get_debug_cores dbg_hub].
reset_run synth_1
launch_runs impl_1 -to_step write_bitstream -jobs 4
[Tue Oct 31 19:22:24 2017] Launched synth_1...
Run output will be captured here: C:/Users/Wei Zheng/Desktop/NUS/Y2S1/EE2020/Project/audio_effects/audio_effects.runs/synth_1/runme.log
[Tue Oct 31 19:22:24 2017] Launched impl_1...
Run output will be captured here: C:/Users/Wei Zheng/Desktop/NUS/Y2S1/EE2020/Project/audio_effects/audio_effects.runs/impl_1/runme.log
set_property PROBES.FILE {} [lindex [get_hw_devices] 0]
set_property PROGRAM.FILE {C:/Users/Wei Zheng/Desktop/NUS/Y2S1/EE2020/Project/audio_effects/audio_effects.runs/impl_1/AUDIO_FX_TOP.bit} [lindex [get_hw_devices] 0]
program_hw_devices [lindex [get_hw_devices] 0]
INFO: [Labtools 27-3164] End of startup status: HIGH
refresh_hw_device [lindex [get_hw_devices] 0]
INFO: [Labtools 27-1434] Device xc7a35t (JTAG device index = 0) is programmed with a design that has no supported debug core(s) in it.
WARNING: [Labtools 27-3123] The debug hub core was not detected at User Scan Chain 1 or 3.
Resolution: 
1. Make sure the clock connected to the debug hub (dbg_hub) core is a free running clock and is active OR
2. Manually launch hw_server with -e "set xsdb-user-bscan <C_USER_SCAN_CHAIN scan_chain_number>" to detect the debug hub at User Scan Chain of 2 or 4. To determine the user scan chain setting, open the implemented design and use: get_property C_USER_SCAN_CHAIN [get_debug_cores dbg_hub].
reset_run synth_1
launch_runs impl_1 -to_step write_bitstream -jobs 4
[Tue Oct 31 19:48:00 2017] Launched synth_1...
Run output will be captured here: C:/Users/Wei Zheng/Desktop/NUS/Y2S1/EE2020/Project/audio_effects/audio_effects.runs/synth_1/runme.log
[Tue Oct 31 19:48:00 2017] Launched impl_1...
Run output will be captured here: C:/Users/Wei Zheng/Desktop/NUS/Y2S1/EE2020/Project/audio_effects/audio_effects.runs/impl_1/runme.log
set_property PROBES.FILE {} [lindex [get_hw_devices] 0]
set_property PROGRAM.FILE {C:/Users/Wei Zheng/Desktop/NUS/Y2S1/EE2020/Project/audio_effects/audio_effects.runs/impl_1/AUDIO_FX_TOP.bit} [lindex [get_hw_devices] 0]
program_hw_devices [lindex [get_hw_devices] 0]
INFO: [Labtools 27-3164] End of startup status: HIGH
refresh_hw_device [lindex [get_hw_devices] 0]
INFO: [Labtools 27-1434] Device xc7a35t (JTAG device index = 0) is programmed with a design that has no supported debug core(s) in it.
WARNING: [Labtools 27-3123] The debug hub core was not detected at User Scan Chain 1 or 3.
Resolution: 
1. Make sure the clock connected to the debug hub (dbg_hub) core is a free running clock and is active OR
2. Manually launch hw_server with -e "set xsdb-user-bscan <C_USER_SCAN_CHAIN scan_chain_number>" to detect the debug hub at User Scan Chain of 2 or 4. To determine the user scan chain setting, open the implemented design and use: get_property C_USER_SCAN_CHAIN [get_debug_cores dbg_hub].
ERROR: [Labtoolstcl 44-513] HW Target shutdown. Closing target: localhost:3121/xilinx_tcf/Digilent/210183714400A
INFO: [Labtoolstcl 44-466] Opening hw_target localhost:3121/xilinx_tcf/Digilent/210183714400A
INFO: [Labtools 27-1434] Device xc7a35t (JTAG device index = 0) is programmed with a design that has no supported debug core(s) in it.
WARNING: [Labtools 27-3123] The debug hub core was not detected at User Scan Chain 1 or 3.
Resolution: 
1. Make sure the clock connected to the debug hub (dbg_hub) core is a free running clock and is active OR
2. Manually launch hw_server with -e "set xsdb-user-bscan <C_USER_SCAN_CHAIN scan_chain_number>" to detect the debug hub at User Scan Chain of 2 or 4. To determine the user scan chain setting, open the implemented design and use: get_property C_USER_SCAN_CHAIN [get_debug_cores dbg_hub].
reset_run impl_1 -prev_step 
launch_runs impl_1 -to_step write_bitstream -jobs 4
[Tue Oct 31 21:13:56 2017] Launched impl_1...
Run output will be captured here: C:/Users/Wei Zheng/Desktop/NUS/Y2S1/EE2020/Project/audio_effects/audio_effects.runs/impl_1/runme.log
set_property PROBES.FILE {} [lindex [get_hw_devices] 0]
set_property PROGRAM.FILE {C:/Users/Wei Zheng/Desktop/NUS/Y2S1/EE2020/Project/audio_effects/audio_effects.runs/impl_1/AUDIO_FX_TOP.bit} [lindex [get_hw_devices] 0]
program_hw_devices [lindex [get_hw_devices] 0]
INFO: [Labtools 27-3164] End of startup status: HIGH
refresh_hw_device [lindex [get_hw_devices] 0]
INFO: [Labtools 27-1434] Device xc7a35t (JTAG device index = 0) is programmed with a design that has no supported debug core(s) in it.
WARNING: [Labtools 27-3123] The debug hub core was not detected at User Scan Chain 1 or 3.
Resolution: 
1. Make sure the clock connected to the debug hub (dbg_hub) core is a free running clock and is active OR
2. Manually launch hw_server with -e "set xsdb-user-bscan <C_USER_SCAN_CHAIN scan_chain_number>" to detect the debug hub at User Scan Chain of 2 or 4. To determine the user scan chain setting, open the implemented design and use: get_property C_USER_SCAN_CHAIN [get_debug_cores dbg_hub].
reset_run synth_1
launch_runs impl_1 -to_step write_bitstream -jobs 4
[Tue Oct 31 21:49:32 2017] Launched synth_1...
Run output will be captured here: C:/Users/Wei Zheng/Desktop/NUS/Y2S1/EE2020/Project/audio_effects/audio_effects.runs/synth_1/runme.log
[Tue Oct 31 21:49:32 2017] Launched impl_1...
Run output will be captured here: C:/Users/Wei Zheng/Desktop/NUS/Y2S1/EE2020/Project/audio_effects/audio_effects.runs/impl_1/runme.log
set_property PROBES.FILE {} [lindex [get_hw_devices] 0]
set_property PROGRAM.FILE {C:/Users/Wei Zheng/Desktop/NUS/Y2S1/EE2020/Project/audio_effects/audio_effects.runs/impl_1/AUDIO_FX_TOP.bit} [lindex [get_hw_devices] 0]
program_hw_devices [lindex [get_hw_devices] 0]
INFO: [Labtools 27-3164] End of startup status: HIGH
refresh_hw_device [lindex [get_hw_devices] 0]
INFO: [Labtools 27-1434] Device xc7a35t (JTAG device index = 0) is programmed with a design that has no supported debug core(s) in it.
WARNING: [Labtools 27-3123] The debug hub core was not detected at User Scan Chain 1 or 3.
Resolution: 
1. Make sure the clock connected to the debug hub (dbg_hub) core is a free running clock and is active OR
2. Manually launch hw_server with -e "set xsdb-user-bscan <C_USER_SCAN_CHAIN scan_chain_number>" to detect the debug hub at User Scan Chain of 2 or 4. To determine the user scan chain setting, open the implemented design and use: get_property C_USER_SCAN_CHAIN [get_debug_cores dbg_hub].
ERROR: [Labtoolstcl 44-513] HW Target shutdown. Closing target: localhost:3121/xilinx_tcf/Digilent/210183714400A
disconnect_hw_server localhost:3121
connect_hw_server
INFO: [Labtools 27-2285] Connecting to hw_server url TCP:localhost:3121
ERROR: [Labtoolstcl 44-494] There is no active target available for server at localhost.
 Targets(s) ", jsn-Basys3-210183714400A" may be locked by another hw_server.
reset_run impl_1 -prev_step 
launch_runs impl_1 -to_step write_bitstream -jobs 4
WARNING: [Vivado 12-872] Run step 'Design Initialization' is out-of-date.
[Tue Oct 31 23:04:13 2017] Launched impl_1...
Run output will be captured here: C:/Users/Wei Zheng/Desktop/NUS/Y2S1/EE2020/Project/audio_effects/audio_effects.runs/impl_1/runme.log
disconnect_hw_server localhost:3121
connect_hw_server
INFO: [Labtools 27-2285] Connecting to hw_server url TCP:localhost:3121
ERROR: [Labtoolstcl 44-494] There is no active target available for server at localhost.
 Targets(s) ", jsn-Basys3-210183714400A" may be locked by another hw_server.
disconnect_hw_server localhost:3121
connect_hw_server
INFO: [Labtools 27-2285] Connecting to hw_server url TCP:localhost:3121
ERROR: [Labtoolstcl 44-494] There is no active target available for server at localhost.
 Targets(s) ", jsn-Basys3-210183714400A" may be locked by another hw_server.
disconnect_hw_server localhost:3121
connect_hw_server
INFO: [Labtools 27-2285] Connecting to hw_server url TCP:localhost:3121
ERROR: [Labtoolstcl 44-494] There is no active target available for server at localhost.
 Targets(s) ", jsn-Basys3-210183714400A" may be locked by another hw_server.
disconnect_hw_server localhost:3121
connect_hw_server
INFO: [Labtools 27-2285] Connecting to hw_server url TCP:localhost:3121
ERROR: [Labtoolstcl 44-494] There is no active target available for server at localhost.
 Targets(s) ", jsn-Basys3-210183714400A" may be locked by another hw_server.
disconnect_hw_server localhost:3121
connect_hw_server
INFO: [Labtools 27-2285] Connecting to hw_server url TCP:localhost:3121
ERROR: [Labtoolstcl 44-494] There is no active target available for server at localhost.
 Targets(s) ", jsn-Basys3-210183714400A" may be locked by another hw_server.
disconnect_hw_server localhost:3121
connect_hw_server
INFO: [Labtools 27-2285] Connecting to hw_server url TCP:localhost:3121
ERROR: [Labtoolstcl 44-494] There is no active target available for server at localhost.
 Targets(s) ", jsn-Basys3-210183714400A" may be locked by another hw_server.
reset_run synth_1
launch_runs impl_1 -to_step write_bitstream -jobs 4
[Wed Nov 01 00:08:00 2017] Launched synth_1...
Run output will be captured here: C:/Users/Wei Zheng/Desktop/NUS/Y2S1/EE2020/Project/audio_effects/audio_effects.runs/synth_1/runme.log
[Wed Nov 01 00:08:00 2017] Launched impl_1...
Run output will be captured here: C:/Users/Wei Zheng/Desktop/NUS/Y2S1/EE2020/Project/audio_effects/audio_effects.runs/impl_1/runme.log
reset_run synth_1
launch_runs impl_1 -to_step write_bitstream -jobs 4
[Wed Nov 01 00:08:35 2017] Launched synth_1...
Run output will be captured here: C:/Users/Wei Zheng/Desktop/NUS/Y2S1/EE2020/Project/audio_effects/audio_effects.runs/synth_1/runme.log
[Wed Nov 01 00:08:35 2017] Launched impl_1...
Run output will be captured here: C:/Users/Wei Zheng/Desktop/NUS/Y2S1/EE2020/Project/audio_effects/audio_effects.runs/impl_1/runme.log
reset_run synth_1
launch_runs impl_1 -to_step write_bitstream -jobs 4
[Wed Nov 01 00:14:56 2017] Launched synth_1...
Run output will be captured here: C:/Users/Wei Zheng/Desktop/NUS/Y2S1/EE2020/Project/audio_effects/audio_effects.runs/synth_1/runme.log
[Wed Nov 01 00:14:56 2017] Launched impl_1...
Run output will be captured here: C:/Users/Wei Zheng/Desktop/NUS/Y2S1/EE2020/Project/audio_effects/audio_effects.runs/impl_1/runme.log
reset_run synth_1
launch_runs impl_1 -to_step write_bitstream -jobs 4
[Wed Nov 01 00:42:56 2017] Launched synth_1...
Run output will be captured here: C:/Users/Wei Zheng/Desktop/NUS/Y2S1/EE2020/Project/audio_effects/audio_effects.runs/synth_1/runme.log
[Wed Nov 01 00:42:56 2017] Launched impl_1...
Run output will be captured here: C:/Users/Wei Zheng/Desktop/NUS/Y2S1/EE2020/Project/audio_effects/audio_effects.runs/impl_1/runme.log
exit
INFO: [Common 17-206] Exiting Vivado at Wed Nov 01 00:53:23 2017...
