
*** Running vivado
    with args -log AUDIO_FX_TOP.vds -m64 -mode batch -messageDb vivado.pb -notrace -source AUDIO_FX_TOP.tcl


****** Vivado v2016.2 (64-bit)
  **** SW Build 1577090 on Thu Jun  2 16:32:40 MDT 2016
  **** IP Build 1577682 on Fri Jun  3 12:00:54 MDT 2016
    ** Copyright 1986-2016 Xilinx, Inc. All Rights Reserved.

source AUDIO_FX_TOP.tcl -notrace
WARNING: [Board 49-26] cannot add Board Part digilentinc.com:arty-s7-50:part0:1.0 available at D:/Vivado/Vivado/2016.2/data/boards/board_files/arty-s7-50/B.0/board.xml as part xc7s50csga324-1 specified in board_part file is either invalid or not available
WARNING: [Board 49-26] cannot add Board Part digilentinc.com:genesys2:part0:1.1 available at D:/Vivado/Vivado/2016.2/data/boards/board_files/genesys2/H/board.xml as part xc7k325tffg900-2 specified in board_part file is either invalid or not available
Command: synth_design -top AUDIO_FX_TOP -part xc7a35tcpg236-1
Starting synth_design
Attempting to get a license for feature 'Synthesis' and/or device 'xc7a35t'
INFO: [Common 17-349] Got license for feature 'Synthesis' and/or device 'xc7a35t'
INFO: Launching helper process for spawning children vivado processes
INFO: Helper process launched with PID 11252 
WARNING: [Synth 8-2292] literal value truncated to fit in 7 bits [C:/Users/Wei Zheng/Desktop/NUS/Y2S1/EE2020/Project/audio_effects/audio_effects.srcs/sources_1/new/Sev_Seg.v:36]
WARNING: [Synth 8-2292] literal value truncated to fit in 7 bits [C:/Users/Wei Zheng/Desktop/NUS/Y2S1/EE2020/Project/audio_effects/audio_effects.srcs/sources_1/new/Sev_Seg.v:45]
---------------------------------------------------------------------------------
Starting RTL Elaboration : Time (s): cpu = 00:00:04 ; elapsed = 00:00:05 . Memory (MB): peak = 297.055 ; gain = 89.691
---------------------------------------------------------------------------------
INFO: [Synth 8-638] synthesizing module 'AUDIO_FX_TOP' [C:/Users/Wei Zheng/Desktop/NUS/Y2S1/EE2020/Project/audio_effects/audio_effects.srcs/sources_1/new/AUDIO_FX_TOP.v:14]
INFO: [Synth 8-638] synthesizing module 'CLK_20K' [C:/Users/Wei Zheng/Desktop/NUS/Y2S1/EE2020/Project/audio_effects/audio_effects.srcs/sources_1/new/CLK_20K.v:23]
INFO: [Synth 8-256] done synthesizing module 'CLK_20K' (1#1) [C:/Users/Wei Zheng/Desktop/NUS/Y2S1/EE2020/Project/audio_effects/audio_effects.srcs/sources_1/new/CLK_20K.v:23]
INFO: [Synth 8-638] synthesizing module 'CLK_50M' [C:/Users/Wei Zheng/Desktop/NUS/Y2S1/EE2020/Project/audio_effects/audio_effects.srcs/sources_1/new/CLK_50M.v:23]
INFO: [Synth 8-256] done synthesizing module 'CLK_50M' (2#1) [C:/Users/Wei Zheng/Desktop/NUS/Y2S1/EE2020/Project/audio_effects/audio_effects.srcs/sources_1/new/CLK_50M.v:23]
INFO: [Synth 8-638] synthesizing module 'FLEXIBLE_CLK_DIVIDER' [C:/Users/Wei Zheng/Desktop/NUS/Y2S1/EE2020/Project/audio_effects/audio_effects.srcs/sources_1/new/FLEXIBLE_CLK_DIVIDER.v:23]
WARNING: [Synth 8-387] label required on module instance [C:/Users/Wei Zheng/Desktop/NUS/Y2S1/EE2020/Project/audio_effects/audio_effects.srcs/sources_1/new/FLEXIBLE_CLK_DIVIDER.v:30]
INFO: [Synth 8-638] synthesizing module 'TARGET_FREQ_CALC' [C:/Users/Wei Zheng/Desktop/NUS/Y2S1/EE2020/Project/audio_effects/audio_effects.srcs/sources_1/new/TARGET_FREQ_CALC.v:23]
INFO: [Synth 8-256] done synthesizing module 'TARGET_FREQ_CALC' (3#1) [C:/Users/Wei Zheng/Desktop/NUS/Y2S1/EE2020/Project/audio_effects/audio_effects.srcs/sources_1/new/TARGET_FREQ_CALC.v:23]
WARNING: [Synth 8-387] label required on module instance [C:/Users/Wei Zheng/Desktop/NUS/Y2S1/EE2020/Project/audio_effects/audio_effects.srcs/sources_1/new/FLEXIBLE_CLK_DIVIDER.v:31]
INFO: [Synth 8-638] synthesizing module 'CLK_VAR' [C:/Users/Wei Zheng/Desktop/NUS/Y2S1/EE2020/Project/audio_effects/audio_effects.srcs/sources_1/new/CLK_VAR.v:23]
INFO: [Synth 8-256] done synthesizing module 'CLK_VAR' (4#1) [C:/Users/Wei Zheng/Desktop/NUS/Y2S1/EE2020/Project/audio_effects/audio_effects.srcs/sources_1/new/CLK_VAR.v:23]
INFO: [Synth 8-256] done synthesizing module 'FLEXIBLE_CLK_DIVIDER' (5#1) [C:/Users/Wei Zheng/Desktop/NUS/Y2S1/EE2020/Project/audio_effects/audio_effects.srcs/sources_1/new/FLEXIBLE_CLK_DIVIDER.v:23]
WARNING: [Synth 8-689] width (1) of port connection 'desired_freq' does not match port width (32) of module 'FLEXIBLE_CLK_DIVIDER' [C:/Users/Wei Zheng/Desktop/NUS/Y2S1/EE2020/Project/audio_effects/audio_effects.srcs/sources_1/new/AUDIO_FX_TOP.v:136]
INFO: [Synth 8-638] synthesizing module 'SINGLE_PULSE_DFF' [C:/Users/Wei Zheng/Desktop/NUS/Y2S1/EE2020/Project/audio_effects/audio_effects.srcs/sources_1/new/SINGLE_PULSE_DFF.v:23]
INFO: [Synth 8-638] synthesizing module 'my_dff' [C:/Users/Wei Zheng/Desktop/NUS/Y2S1/EE2020/Project/audio_effects/audio_effects.srcs/sources_1/new/my_dff.v:23]
INFO: [Synth 8-256] done synthesizing module 'my_dff' (6#1) [C:/Users/Wei Zheng/Desktop/NUS/Y2S1/EE2020/Project/audio_effects/audio_effects.srcs/sources_1/new/my_dff.v:23]
INFO: [Synth 8-256] done synthesizing module 'SINGLE_PULSE_DFF' (7#1) [C:/Users/Wei Zheng/Desktop/NUS/Y2S1/EE2020/Project/audio_effects/audio_effects.srcs/sources_1/new/SINGLE_PULSE_DFF.v:23]
INFO: [Synth 8-638] synthesizing module 'SPI' [C:/Users/Wei Zheng/Desktop/NUS/Y2S1/EE2020/Project/audio_effects/audio_effects.srcs/sources_1/new/SPI.v:20]
INFO: [Synth 8-256] done synthesizing module 'SPI' (8#1) [C:/Users/Wei Zheng/Desktop/NUS/Y2S1/EE2020/Project/audio_effects/audio_effects.srcs/sources_1/new/SPI.v:20]
INFO: [Synth 8-638] synthesizing module 'DELAY_INPUT' [C:/Users/Wei Zheng/Desktop/NUS/Y2S1/EE2020/Project/audio_effects/audio_effects.srcs/sources_1/new/DELAY_INPUT.v:23]
INFO: [Synth 8-256] done synthesizing module 'DELAY_INPUT' (9#1) [C:/Users/Wei Zheng/Desktop/NUS/Y2S1/EE2020/Project/audio_effects/audio_effects.srcs/sources_1/new/DELAY_INPUT.v:23]
INFO: [Synth 8-638] synthesizing module 'dist_mem_gen_0' [C:/Users/Wei Zheng/Desktop/NUS/Y2S1/EE2020/Project/audio_effects/audio_effects.runs/synth_1/.Xil/Vivado-13756-DESKTOP-1HN8OHR/realtime/dist_mem_gen_0_stub.v:6]
INFO: [Synth 8-256] done synthesizing module 'dist_mem_gen_0' (10#1) [C:/Users/Wei Zheng/Desktop/NUS/Y2S1/EE2020/Project/audio_effects/audio_effects.runs/synth_1/.Xil/Vivado-13756-DESKTOP-1HN8OHR/realtime/dist_mem_gen_0_stub.v:6]
WARNING: [Synth 8-689] width (12) of port connection 'spo' does not match port width (13) of module 'dist_mem_gen_0' [C:/Users/Wei Zheng/Desktop/NUS/Y2S1/EE2020/Project/audio_effects/audio_effects.srcs/sources_1/new/AUDIO_FX_TOP.v:186]
INFO: [Synth 8-638] synthesizing module 'USB_KEYBOARD' [C:/Users/Wei Zheng/Desktop/NUS/Y2S1/EE2020/Project/audio_effects/audio_effects.srcs/sources_1/new/top.v:26]
INFO: [Synth 8-638] synthesizing module 'PS2Receiver' [C:/Users/Wei Zheng/Desktop/NUS/Y2S1/EE2020/Project/audio_effects/audio_effects.srcs/sources_1/new/PS2Receiver.v:23]
INFO: [Synth 8-638] synthesizing module 'debouncer' [C:/Users/Wei Zheng/Desktop/NUS/Y2S1/EE2020/Project/audio_effects/audio_effects.srcs/sources_1/new/debouncer.v:23]
	Parameter COUNT_MAX bound to: 19 - type: integer 
	Parameter COUNT_WIDTH bound to: 5 - type: integer 
INFO: [Synth 8-256] done synthesizing module 'debouncer' (11#1) [C:/Users/Wei Zheng/Desktop/NUS/Y2S1/EE2020/Project/audio_effects/audio_effects.srcs/sources_1/new/debouncer.v:23]
INFO: [Synth 8-155] case statement is not full and has no default [C:/Users/Wei Zheng/Desktop/NUS/Y2S1/EE2020/Project/audio_effects/audio_effects.srcs/sources_1/new/PS2Receiver.v:55]
INFO: [Synth 8-256] done synthesizing module 'PS2Receiver' (12#1) [C:/Users/Wei Zheng/Desktop/NUS/Y2S1/EE2020/Project/audio_effects/audio_effects.srcs/sources_1/new/PS2Receiver.v:23]
INFO: [Synth 8-256] done synthesizing module 'USB_KEYBOARD' (13#1) [C:/Users/Wei Zheng/Desktop/NUS/Y2S1/EE2020/Project/audio_effects/audio_effects.srcs/sources_1/new/top.v:26]
INFO: [Synth 8-638] synthesizing module 'KEYBOARD_MAP_SPEAKER' [C:/Users/Wei Zheng/Desktop/NUS/Y2S1/EE2020/Project/audio_effects/audio_effects.srcs/sources_1/new/KEYBOARD_MAP.v:3]
INFO: [Synth 8-256] done synthesizing module 'KEYBOARD_MAP_SPEAKER' (14#1) [C:/Users/Wei Zheng/Desktop/NUS/Y2S1/EE2020/Project/audio_effects/audio_effects.srcs/sources_1/new/KEYBOARD_MAP.v:3]
INFO: [Synth 8-638] synthesizing module 'SSegDisp' [C:/Users/Wei Zheng/Desktop/NUS/Y2S1/EE2020/Project/audio_effects/audio_effects.srcs/sources_1/new/SSegDisp.v:5]
INFO: [Synth 8-638] synthesizing module 'BINtoINT' [C:/Users/Wei Zheng/Desktop/NUS/Y2S1/EE2020/Project/audio_effects/audio_effects.srcs/sources_1/new/BINtoINT.v:5]
INFO: [Synth 8-256] done synthesizing module 'BINtoINT' (15#1) [C:/Users/Wei Zheng/Desktop/NUS/Y2S1/EE2020/Project/audio_effects/audio_effects.srcs/sources_1/new/BINtoINT.v:5]
INFO: [Synth 8-638] synthesizing module 'INTtoSEG' [C:/Users/Wei Zheng/Desktop/NUS/Y2S1/EE2020/Project/audio_effects/audio_effects.srcs/sources_1/new/INTtoSEG.v:4]
INFO: [Synth 8-256] done synthesizing module 'INTtoSEG' (16#1) [C:/Users/Wei Zheng/Desktop/NUS/Y2S1/EE2020/Project/audio_effects/audio_effects.srcs/sources_1/new/INTtoSEG.v:4]
INFO: [Synth 8-638] synthesizing module 'Sev_Seg' [C:/Users/Wei Zheng/Desktop/NUS/Y2S1/EE2020/Project/audio_effects/audio_effects.srcs/sources_1/new/Sev_Seg.v:4]
INFO: [Synth 8-256] done synthesizing module 'Sev_Seg' (17#1) [C:/Users/Wei Zheng/Desktop/NUS/Y2S1/EE2020/Project/audio_effects/audio_effects.srcs/sources_1/new/Sev_Seg.v:4]
INFO: [Synth 8-256] done synthesizing module 'SSegDisp' (18#1) [C:/Users/Wei Zheng/Desktop/NUS/Y2S1/EE2020/Project/audio_effects/audio_effects.srcs/sources_1/new/SSegDisp.v:5]
INFO: [Synth 8-638] synthesizing module 'volume_indicator' [C:/Users/Wei Zheng/Desktop/NUS/Y2S1/EE2020/Project/audio_effects/audio_effects.srcs/sources_1/new/volume_indicator.v:3]
INFO: [Synth 8-256] done synthesizing module 'volume_indicator' (19#1) [C:/Users/Wei Zheng/Desktop/NUS/Y2S1/EE2020/Project/audio_effects/audio_effects.srcs/sources_1/new/volume_indicator.v:3]
INFO: [Synth 8-638] synthesizing module 'DA2RefComp' [C:/Users/Wei Zheng/Desktop/NUS/Y2S1/EE2020/Project/audio_effects/audio_effects.srcs/sources_1/imports/audio_effects.srcs/DA2CompRef.vhd:59]
INFO: [Synth 8-256] done synthesizing module 'DA2RefComp' (20#1) [C:/Users/Wei Zheng/Desktop/NUS/Y2S1/EE2020/Project/audio_effects/audio_effects.srcs/sources_1/imports/audio_effects.srcs/DA2CompRef.vhd:59]
WARNING: [Synth 8-3848] Net led_frequency in module/entity AUDIO_FX_TOP does not have driver. [C:/Users/Wei Zheng/Desktop/NUS/Y2S1/EE2020/Project/audio_effects/audio_effects.srcs/sources_1/new/AUDIO_FX_TOP.v:136]
INFO: [Synth 8-256] done synthesizing module 'AUDIO_FX_TOP' (21#1) [C:/Users/Wei Zheng/Desktop/NUS/Y2S1/EE2020/Project/audio_effects/audio_effects.srcs/sources_1/new/AUDIO_FX_TOP.v:14]
WARNING: [Synth 8-3331] design Sev_Seg has unconnected port key_clear[3]
WARNING: [Synth 8-3331] design Sev_Seg has unconnected port key_clear[2]
WARNING: [Synth 8-3331] design Sev_Seg has unconnected port key_clear[1]
WARNING: [Synth 8-3331] design Sev_Seg has unconnected port key_clear[0]
WARNING: [Synth 8-3331] design SSegDisp has unconnected port key[11]
WARNING: [Synth 8-3331] design SSegDisp has unconnected port key[10]
WARNING: [Synth 8-3331] design SSegDisp has unconnected port key[9]
WARNING: [Synth 8-3331] design SSegDisp has unconnected port key[8]
WARNING: [Synth 8-3331] design AUDIO_FX_TOP has unconnected port TOGGLE_SSDISP
---------------------------------------------------------------------------------
Finished RTL Elaboration : Time (s): cpu = 00:00:12 ; elapsed = 00:00:13 . Memory (MB): peak = 399.605 ; gain = 192.242
---------------------------------------------------------------------------------

Report Check Netlist: 
+------+------------------+-------+---------+-------+------------------+
|      |Item              |Errors |Warnings |Status |Description       |
+------+------------------+-------+---------+-------+------------------+
|1     |multi_driven_nets |      0|        0|Passed |Multi driven nets |
+------+------------------+-------+---------+-------+------------------+
WARNING: [Synth 8-3295] tying undriven pin clk20:desired_freq[0] to constant 0 [C:/Users/Wei Zheng/Desktop/NUS/Y2S1/EE2020/Project/audio_effects/audio_effects.srcs/sources_1/new/AUDIO_FX_TOP.v:136]
WARNING: [Synth 8-3295] tying undriven pin u2:DATA2[11] to constant 0 [C:/Users/Wei Zheng/Desktop/NUS/Y2S1/EE2020/Project/audio_effects/audio_effects.srcs/sources_1/new/AUDIO_FX_TOP.v:227]
WARNING: [Synth 8-3295] tying undriven pin u2:DATA2[10] to constant 0 [C:/Users/Wei Zheng/Desktop/NUS/Y2S1/EE2020/Project/audio_effects/audio_effects.srcs/sources_1/new/AUDIO_FX_TOP.v:227]
WARNING: [Synth 8-3295] tying undriven pin u2:DATA2[9] to constant 0 [C:/Users/Wei Zheng/Desktop/NUS/Y2S1/EE2020/Project/audio_effects/audio_effects.srcs/sources_1/new/AUDIO_FX_TOP.v:227]
WARNING: [Synth 8-3295] tying undriven pin u2:DATA2[8] to constant 0 [C:/Users/Wei Zheng/Desktop/NUS/Y2S1/EE2020/Project/audio_effects/audio_effects.srcs/sources_1/new/AUDIO_FX_TOP.v:227]
WARNING: [Synth 8-3295] tying undriven pin u2:DATA2[7] to constant 0 [C:/Users/Wei Zheng/Desktop/NUS/Y2S1/EE2020/Project/audio_effects/audio_effects.srcs/sources_1/new/AUDIO_FX_TOP.v:227]
WARNING: [Synth 8-3295] tying undriven pin u2:DATA2[6] to constant 0 [C:/Users/Wei Zheng/Desktop/NUS/Y2S1/EE2020/Project/audio_effects/audio_effects.srcs/sources_1/new/AUDIO_FX_TOP.v:227]
WARNING: [Synth 8-3295] tying undriven pin u2:DATA2[5] to constant 0 [C:/Users/Wei Zheng/Desktop/NUS/Y2S1/EE2020/Project/audio_effects/audio_effects.srcs/sources_1/new/AUDIO_FX_TOP.v:227]
WARNING: [Synth 8-3295] tying undriven pin u2:DATA2[4] to constant 0 [C:/Users/Wei Zheng/Desktop/NUS/Y2S1/EE2020/Project/audio_effects/audio_effects.srcs/sources_1/new/AUDIO_FX_TOP.v:227]
WARNING: [Synth 8-3295] tying undriven pin u2:DATA2[3] to constant 0 [C:/Users/Wei Zheng/Desktop/NUS/Y2S1/EE2020/Project/audio_effects/audio_effects.srcs/sources_1/new/AUDIO_FX_TOP.v:227]
WARNING: [Synth 8-3295] tying undriven pin u2:DATA2[2] to constant 0 [C:/Users/Wei Zheng/Desktop/NUS/Y2S1/EE2020/Project/audio_effects/audio_effects.srcs/sources_1/new/AUDIO_FX_TOP.v:227]
WARNING: [Synth 8-3295] tying undriven pin u2:DATA2[1] to constant 0 [C:/Users/Wei Zheng/Desktop/NUS/Y2S1/EE2020/Project/audio_effects/audio_effects.srcs/sources_1/new/AUDIO_FX_TOP.v:227]
WARNING: [Synth 8-3295] tying undriven pin u2:DATA2[0] to constant 0 [C:/Users/Wei Zheng/Desktop/NUS/Y2S1/EE2020/Project/audio_effects/audio_effects.srcs/sources_1/new/AUDIO_FX_TOP.v:227]
---------------------------------------------------------------------------------
Finished RTL Optimization Phase 1 : Time (s): cpu = 00:00:13 ; elapsed = 00:00:14 . Memory (MB): peak = 399.605 ; gain = 192.242
---------------------------------------------------------------------------------
WARNING: [Project 1-486] Could not resolve non-primitive black box cell 'dist_mem_gen_0' instantiated as 'hello' [C:/Users/Wei Zheng/Desktop/NUS/Y2S1/EE2020/Project/audio_effects/audio_effects.srcs/sources_1/new/AUDIO_FX_TOP.v:186]
INFO: [Device 21-403] Loading part xc7a35tcpg236-1
INFO: [Project 1-570] Preparing netlist for logic optimization

Processing XDC Constraints
Initializing timing engine
Parsing XDC File [C:/Users/Wei Zheng/Desktop/NUS/Y2S1/EE2020/Project/audio_effects/audio_effects.runs/synth_1/.Xil/Vivado-13756-DESKTOP-1HN8OHR/dcp/dist_mem_gen_0_in_context.xdc] for cell 'hello'
Finished Parsing XDC File [C:/Users/Wei Zheng/Desktop/NUS/Y2S1/EE2020/Project/audio_effects/audio_effects.runs/synth_1/.Xil/Vivado-13756-DESKTOP-1HN8OHR/dcp/dist_mem_gen_0_in_context.xdc] for cell 'hello'
Parsing XDC File [C:/Users/Wei Zheng/Desktop/NUS/Y2S1/EE2020/Project/audio_effects/audio_effects.srcs/constrs_1/imports/Learn/Basys3_Master.xdc]
Finished Parsing XDC File [C:/Users/Wei Zheng/Desktop/NUS/Y2S1/EE2020/Project/audio_effects/audio_effects.srcs/constrs_1/imports/Learn/Basys3_Master.xdc]
INFO: [Project 1-236] Implementation specific constraints were found while reading constraint file [C:/Users/Wei Zheng/Desktop/NUS/Y2S1/EE2020/Project/audio_effects/audio_effects.srcs/constrs_1/imports/Learn/Basys3_Master.xdc]. These constraints will be ignored for synthesis but will be used in implementation. Impacted constraints are listed in the file [.Xil/AUDIO_FX_TOP_propImpl.xdc].
Resolution: To avoid this warning, move constraints listed in [.Xil/AUDIO_FX_TOP_propImpl.xdc] to another XDC file and exclude this new file from synthesis with the used_in_synthesis property (File Properties dialog in GUI) and re-run elaboration/synthesis.
Completed Processing XDC Constraints

INFO: [Project 1-111] Unisim Transformation Summary:
No Unisim elements were transformed.

Constraint Validation Runtime : Time (s): cpu = 00:00:00 ; elapsed = 00:00:00.038 . Memory (MB): peak = 738.848 ; gain = 0.000
---------------------------------------------------------------------------------
Finished Constraint Validation : Time (s): cpu = 00:00:26 ; elapsed = 00:00:27 . Memory (MB): peak = 739.223 ; gain = 531.859
---------------------------------------------------------------------------------
---------------------------------------------------------------------------------
Start Loading Part and Timing Information
---------------------------------------------------------------------------------
Loading part: xc7a35tcpg236-1
---------------------------------------------------------------------------------
Finished Loading Part and Timing Information : Time (s): cpu = 00:00:26 ; elapsed = 00:00:27 . Memory (MB): peak = 739.223 ; gain = 531.859
---------------------------------------------------------------------------------
---------------------------------------------------------------------------------
Start Applying 'set_property' XDC Constraints
---------------------------------------------------------------------------------
---------------------------------------------------------------------------------
Finished applying 'set_property' XDC Constraints : Time (s): cpu = 00:00:26 ; elapsed = 00:00:27 . Memory (MB): peak = 739.223 ; gain = 531.859
---------------------------------------------------------------------------------
INFO: [Synth 8-5545] ROM "COUNT0" won't be mapped to RAM because address size (32) is larger than maximum supported(25)
INFO: [Synth 8-5545] ROM "CLK20K0" won't be mapped to RAM because address size (32) is larger than maximum supported(25)
INFO: [Synth 8-5545] ROM "COUNT0" won't be mapped to RAM because address size (32) is larger than maximum supported(25)
INFO: [Synth 8-5545] ROM "CLK50M0" won't be mapped to RAM because address size (32) is larger than maximum supported(25)
INFO: [Synth 8-5545] ROM "CLKVAR0" won't be mapped to RAM because address size (32) is larger than maximum supported(25)
INFO: [Synth 8-5546] ROM "O" won't be mapped to RAM because it is too sparse
INFO: [Synth 8-5546] ROM "count" won't be mapped to RAM because it is too sparse
INFO: [Synth 8-5544] ROM "cnt" won't be mapped to Block RAM because address size (4) smaller than threshold (5)
INFO: [Synth 8-5546] ROM "playback" won't be mapped to RAM because it is too sparse
INFO: [Synth 8-5546] ROM "playback" won't be mapped to RAM because it is too sparse
INFO: [Synth 8-5546] ROM "playback" won't be mapped to RAM because it is too sparse
INFO: [Synth 8-5546] ROM "MODE_VOLUME" won't be mapped to RAM because it is too sparse
INFO: [Synth 8-802] inferred FSM for state register 'current_state_reg' in module 'DA2RefComp'
INFO: [Synth 8-5544] ROM "DONE" won't be mapped to Block RAM because address size (2) smaller than threshold (5)
WARNING: [Synth 8-327] inferring latch for variable 'delay_reg' [C:/Users/Wei Zheng/Desktop/NUS/Y2S1/EE2020/Project/audio_effects/audio_effects.srcs/sources_1/new/KEYBOARD_MAP.v:42]
WARNING: [Synth 8-327] inferring latch for variable 'playback_reg' [C:/Users/Wei Zheng/Desktop/NUS/Y2S1/EE2020/Project/audio_effects/audio_effects.srcs/sources_1/new/KEYBOARD_MAP.v:41]
WARNING: [Synth 8-327] inferring latch for variable 'MODE_VOLUME_reg' [C:/Users/Wei Zheng/Desktop/NUS/Y2S1/EE2020/Project/audio_effects/audio_effects.srcs/sources_1/new/Sev_Seg.v:22]
---------------------------------------------------------------------------------------------------
                   State |                     New Encoding |                Previous Encoding 
---------------------------------------------------------------------------------------------------
                    idle |                               00 |                               00
                shiftout |                               01 |                               01
                syncdata |                               10 |                               10
                  iSTATE |                               11 |                               11
*
---------------------------------------------------------------------------------------------------
INFO: [Synth 8-3354] encoded FSM with state register 'current_state_reg' using encoding 'sequential' in module 'DA2RefComp'
---------------------------------------------------------------------------------
Finished RTL Optimization Phase 2 : Time (s): cpu = 00:04:40 ; elapsed = 00:04:41 . Memory (MB): peak = 739.223 ; gain = 531.859
---------------------------------------------------------------------------------

Report RTL Partitions: 
+------+---------------------+------------+----------+
|      |RTL Partition        |Replication |Instances |
+------+---------------------+------------+----------+
|1     |FLEXIBLE_CLK_DIVIDER |          20|      3864|
|2     |DELAY_INPUT__GB0     |           1|     30000|
|3     |DELAY_INPUT__GB1     |           1|     30000|
|4     |AUDIO_FX_TOP__GC0    |           1|      5349|
+------+---------------------+------------+----------+
---------------------------------------------------------------------------------
Start RTL Component Statistics 
---------------------------------------------------------------------------------
Detailed RTL Component Info : 
+---Adders : 
	   2 Input     32 Bit       Adders := 22    
	   3 Input     13 Bit       Adders := 1     
	   2 Input      5 Bit       Adders := 2     
	   2 Input      4 Bit       Adders := 2     
	   2 Input      2 Bit       Adders := 1     
+---Registers : 
	               32 Bit    Registers := 2     
	               16 Bit    Registers := 4     
	               13 Bit    Registers := 1     
	               12 Bit    Registers := 5002  
	                8 Bit    Registers := 1     
	                7 Bit    Registers := 5     
	                5 Bit    Registers := 2     
	                4 Bit    Registers := 3     
	                2 Bit    Registers := 1     
	                1 Bit    Registers := 40    
+---Muxes : 
	   2 Input     32 Bit        Muxes := 2     
	   2 Input     16 Bit        Muxes := 2     
	   2 Input     12 Bit        Muxes := 3     
	  12 Input      8 Bit        Muxes := 1     
	  11 Input      7 Bit        Muxes := 4     
	  14 Input      7 Bit        Muxes := 1     
	   7 Input      7 Bit        Muxes := 1     
	   4 Input      7 Bit        Muxes := 1     
	   2 Input      7 Bit        Muxes := 2     
	   2 Input      4 Bit        Muxes := 1     
	   4 Input      4 Bit        Muxes := 1     
	   5 Input      2 Bit        Muxes := 1     
	   2 Input      1 Bit        Muxes := 34    
	   3 Input      1 Bit        Muxes := 3     
	  12 Input      1 Bit        Muxes := 2     
	  13 Input      1 Bit        Muxes := 1     
	   4 Input      1 Bit        Muxes := 2     
---------------------------------------------------------------------------------
Finished RTL Component Statistics 
---------------------------------------------------------------------------------
---------------------------------------------------------------------------------
Start RTL Hierarchical Component Statistics 
---------------------------------------------------------------------------------
Hierarchical RTL Component report 
Module AUDIO_FX_TOP 
Detailed RTL Component Info : 
+---Adders : 
	   3 Input     13 Bit       Adders := 1     
+---Registers : 
	               13 Bit    Registers := 1     
	               12 Bit    Registers := 1     
+---Muxes : 
	   2 Input     12 Bit        Muxes := 1     
	   4 Input      1 Bit        Muxes := 1     
Module TARGET_FREQ_CALC 
Detailed RTL Component Info : 
+---Adders : 
	   2 Input     32 Bit       Adders := 1     
Module CLK_VAR 
Detailed RTL Component Info : 
+---Registers : 
	                1 Bit    Registers := 1     
+---Muxes : 
	   2 Input      1 Bit        Muxes := 1     
Module DELAY_INPUT 
Detailed RTL Component Info : 
+---Registers : 
	               12 Bit    Registers := 5000  
Module CLK_20K 
Detailed RTL Component Info : 
+---Adders : 
	   2 Input     32 Bit       Adders := 1     
+---Registers : 
	               32 Bit    Registers := 1     
	                1 Bit    Registers := 1     
+---Muxes : 
	   2 Input     32 Bit        Muxes := 1     
	   2 Input      1 Bit        Muxes := 1     
Module CLK_50M 
Detailed RTL Component Info : 
+---Adders : 
	   2 Input     32 Bit       Adders := 1     
+---Registers : 
	               32 Bit    Registers := 1     
	                1 Bit    Registers := 1     
+---Muxes : 
	   2 Input     32 Bit        Muxes := 1     
	   2 Input      1 Bit        Muxes := 1     
Module my_dff__3 
Detailed RTL Component Info : 
+---Registers : 
	                1 Bit    Registers := 1     
Module my_dff__2 
Detailed RTL Component Info : 
+---Registers : 
	                1 Bit    Registers := 1     
Module my_dff__5 
Detailed RTL Component Info : 
+---Registers : 
	                1 Bit    Registers := 1     
Module my_dff__4 
Detailed RTL Component Info : 
+---Registers : 
	                1 Bit    Registers := 1     
Module my_dff__7 
Detailed RTL Component Info : 
+---Registers : 
	                1 Bit    Registers := 1     
Module my_dff__6 
Detailed RTL Component Info : 
+---Registers : 
	                1 Bit    Registers := 1     
Module my_dff__9 
Detailed RTL Component Info : 
+---Registers : 
	                1 Bit    Registers := 1     
Module my_dff__8 
Detailed RTL Component Info : 
+---Registers : 
	                1 Bit    Registers := 1     
Module my_dff__1 
Detailed RTL Component Info : 
+---Registers : 
	                1 Bit    Registers := 1     
Module my_dff 
Detailed RTL Component Info : 
+---Registers : 
	                1 Bit    Registers := 1     
Module SPI 
Detailed RTL Component Info : 
+---Registers : 
	               12 Bit    Registers := 1     
	                1 Bit    Registers := 1     
Module debouncer__1 
Detailed RTL Component Info : 
+---Adders : 
	   2 Input      5 Bit       Adders := 1     
+---Registers : 
	                5 Bit    Registers := 1     
	                1 Bit    Registers := 2     
+---Muxes : 
	   2 Input      1 Bit        Muxes := 2     
Module debouncer 
Detailed RTL Component Info : 
+---Adders : 
	   2 Input      5 Bit       Adders := 1     
+---Registers : 
	                5 Bit    Registers := 1     
	                1 Bit    Registers := 2     
+---Muxes : 
	   2 Input      1 Bit        Muxes := 2     
Module PS2Receiver 
Detailed RTL Component Info : 
+---Adders : 
	   2 Input      4 Bit       Adders := 1     
+---Registers : 
	               16 Bit    Registers := 1     
	                8 Bit    Registers := 1     
	                4 Bit    Registers := 1     
	                1 Bit    Registers := 2     
+---Muxes : 
	  12 Input      8 Bit        Muxes := 1     
	   2 Input      4 Bit        Muxes := 1     
	   3 Input      1 Bit        Muxes := 1     
	  12 Input      1 Bit        Muxes := 2     
Module USB_KEYBOARD 
Detailed RTL Component Info : 
+---Registers : 
	                1 Bit    Registers := 1     
Module KEYBOARD_MAP_SPEAKER 
Detailed RTL Component Info : 
+---Muxes : 
	   2 Input     12 Bit        Muxes := 2     
	  13 Input      1 Bit        Muxes := 1     
	   2 Input      1 Bit        Muxes := 5     
Module INTtoSEG__1 
Detailed RTL Component Info : 
+---Registers : 
	                7 Bit    Registers := 1     
+---Muxes : 
	  11 Input      7 Bit        Muxes := 1     
Module INTtoSEG__2 
Detailed RTL Component Info : 
+---Registers : 
	                7 Bit    Registers := 1     
+---Muxes : 
	  11 Input      7 Bit        Muxes := 1     
Module INTtoSEG__3 
Detailed RTL Component Info : 
+---Registers : 
	                7 Bit    Registers := 1     
+---Muxes : 
	  11 Input      7 Bit        Muxes := 1     
Module INTtoSEG 
Detailed RTL Component Info : 
+---Registers : 
	                7 Bit    Registers := 1     
+---Muxes : 
	  11 Input      7 Bit        Muxes := 1     
Module Sev_Seg 
Detailed RTL Component Info : 
+---Adders : 
	   2 Input      2 Bit       Adders := 1     
+---Registers : 
	                7 Bit    Registers := 1     
	                4 Bit    Registers := 1     
	                2 Bit    Registers := 1     
+---Muxes : 
	  14 Input      7 Bit        Muxes := 1     
	   7 Input      7 Bit        Muxes := 1     
	   4 Input      7 Bit        Muxes := 1     
	   2 Input      7 Bit        Muxes := 2     
	   4 Input      4 Bit        Muxes := 1     
	   2 Input      1 Bit        Muxes := 1     
Module volume_indicator 
Detailed RTL Component Info : 
+---Registers : 
	               16 Bit    Registers := 1     
Module DA2RefComp 
Detailed RTL Component Info : 
+---Adders : 
	   2 Input      4 Bit       Adders := 1     
+---Registers : 
	               16 Bit    Registers := 2     
	                4 Bit    Registers := 1     
+---Muxes : 
	   2 Input     16 Bit        Muxes := 2     
	   5 Input      2 Bit        Muxes := 1     
	   3 Input      1 Bit        Muxes := 2     
	   2 Input      1 Bit        Muxes := 2     
	   4 Input      1 Bit        Muxes := 1     
---------------------------------------------------------------------------------
Finished RTL Hierarchical Component Statistics
---------------------------------------------------------------------------------
---------------------------------------------------------------------------------
Start Part Resource Summary
---------------------------------------------------------------------------------
Part Resources:
DSPs: 90 (col length:60)
BRAMs: 100 (col length: RAMB18 60 RAMB36 30)
---------------------------------------------------------------------------------
Finished Part Resource Summary
---------------------------------------------------------------------------------
Start Parallel Synthesis Optimization  : Time (s): cpu = 00:04:42 ; elapsed = 00:04:43 . Memory (MB): peak = 739.223 ; gain = 531.859
---------------------------------------------------------------------------------
Start Cross Boundary Optimization
---------------------------------------------------------------------------------
INFO: [Synth 8-5545] ROM "nolabel_line31/CLKVAR0" won't be mapped to RAM because address size (32) is larger than maximum supported(25)
INFO: [Synth 8-5545] ROM "clk20k/COUNT0" won't be mapped to RAM because address size (32) is larger than maximum supported(25)
INFO: [Synth 8-5545] ROM "clk20k/CLK20K0" won't be mapped to RAM because address size (32) is larger than maximum supported(25)
INFO: [Synth 8-5545] ROM "clk50m/COUNT0" won't be mapped to RAM because address size (32) is larger than maximum supported(25)
INFO: [Synth 8-5545] ROM "clk50m/CLK50M0" won't be mapped to RAM because address size (32) is larger than maximum supported(25)
INFO: [Synth 8-5546] ROM "map/playback" won't be mapped to RAM because it is too sparse
INFO: [Synth 8-5546] ROM "map/playback" won't be mapped to RAM because it is too sparse
INFO: [Synth 8-5546] ROM "map/playback" won't be mapped to RAM because it is too sparse
WARNING: [Synth 8-3331] design AUDIO_FX_TOP has unconnected port TOGGLE_SSDISP
---------------------------------------------------------------------------------
Finished Cross Boundary Optimization : Time (s): cpu = 00:07:03 ; elapsed = 00:07:04 . Memory (MB): peak = 739.223 ; gain = 531.859
---------------------------------------------------------------------------------
Finished Parallel Reinference  : Time (s): cpu = 00:07:03 ; elapsed = 00:07:04 . Memory (MB): peak = 739.223 ; gain = 531.859

Report RTL Partitions: 
+------+---------------------+------------+----------+
|      |RTL Partition        |Replication |Instances |
+------+---------------------+------------+----------+
|1     |FLEXIBLE_CLK_DIVIDER |          20|      3864|
|2     |DELAY_INPUT__GB0     |           1|     30000|
|3     |DELAY_INPUT__GB1     |           1|     30000|
|4     |AUDIO_FX_TOP__GC0    |           1|      5342|
+------+---------------------+------------+----------+
---------------------------------------------------------------------------------
Start Area Optimization
---------------------------------------------------------------------------------
INFO: [Synth 8-3886] merging instance 'i_2/keyboard/uut/dataprev_reg[4]' (FDE) to 'i_2/keyboard/uut/keycode_reg[4]'
INFO: [Synth 8-3886] merging instance 'i_2/keyboard/uut/dataprev_reg[5]' (FDE) to 'i_2/keyboard/uut/keycode_reg[5]'
INFO: [Synth 8-3886] merging instance 'i_2/keyboard/uut/dataprev_reg[7]' (FDE) to 'i_2/keyboard/uut/keycode_reg[7]'
INFO: [Synth 8-3886] merging instance 'i_2/keyboard/uut/dataprev_reg[6]' (FDE) to 'i_2/keyboard/uut/keycode_reg[6]'
INFO: [Synth 8-3886] merging instance 'i_2/keyboard/uut/dataprev_reg[0]' (FDE) to 'i_2/keyboard/uut/keycode_reg[0]'
INFO: [Synth 8-3886] merging instance 'i_2/keyboard/uut/dataprev_reg[3]' (FDE) to 'i_2/keyboard/uut/keycode_reg[3]'
INFO: [Synth 8-3886] merging instance 'i_2/keyboard/uut/dataprev_reg[2]' (FDE) to 'i_2/keyboard/uut/keycode_reg[2]'
INFO: [Synth 8-3886] merging instance 'i_2/keyboard/uut/dataprev_reg[1]' (FDE) to 'i_2/keyboard/uut/keycode_reg[1]'
---------------------------------------------------------------------------------
Finished Area Optimization : Time (s): cpu = 00:07:20 ; elapsed = 00:07:22 . Memory (MB): peak = 739.223 ; gain = 531.859
---------------------------------------------------------------------------------
Finished Parallel Area Optimization  : Time (s): cpu = 00:07:20 ; elapsed = 00:07:22 . Memory (MB): peak = 739.223 ; gain = 531.859

Report RTL Partitions: 
+------+-------------------------+------------+----------+
|      |RTL Partition            |Replication |Instances |
+------+-------------------------+------------+----------+
|1     |FLEXIBLE_CLK_DIVIDER     |           1|       101|
|2     |DELAY_INPUT__GB0         |           1|     30000|
|3     |DELAY_INPUT__GB1         |           1|     30000|
|4     |AUDIO_FX_TOP__GC0        |           1|      1805|
|5     |FLEXIBLE_CLK_DIVIDER__1  |           1|       102|
|6     |FLEXIBLE_CLK_DIVIDER__2  |           1|       100|
|7     |FLEXIBLE_CLK_DIVIDER__3  |           1|       101|
|8     |FLEXIBLE_CLK_DIVIDER__4  |           1|       101|
|9     |FLEXIBLE_CLK_DIVIDER__5  |           1|       100|
|10    |FLEXIBLE_CLK_DIVIDER__6  |           1|       100|
|11    |FLEXIBLE_CLK_DIVIDER__7  |           1|       102|
|12    |FLEXIBLE_CLK_DIVIDER__8  |           1|       101|
|13    |FLEXIBLE_CLK_DIVIDER__9  |           1|       101|
|14    |FLEXIBLE_CLK_DIVIDER__10 |           1|        99|
|15    |FLEXIBLE_CLK_DIVIDER__11 |           1|       103|
|16    |FLEXIBLE_CLK_DIVIDER__12 |           1|       102|
|17    |FLEXIBLE_CLK_DIVIDER__13 |           1|       103|
|18    |FLEXIBLE_CLK_DIVIDER__14 |           1|       101|
|19    |FLEXIBLE_CLK_DIVIDER__15 |           1|       100|
|20    |FLEXIBLE_CLK_DIVIDER__16 |           1|        99|
|21    |FLEXIBLE_CLK_DIVIDER__17 |           1|       102|
+------+-------------------------+------------+----------+
---------------------------------------------------------------------------------
Start Timing Optimization
---------------------------------------------------------------------------------
---------------------------------------------------------------------------------
Start Applying XDC Timing Constraints
---------------------------------------------------------------------------------
---------------------------------------------------------------------------------
Finished Applying XDC Timing Constraints : Time (s): cpu = 00:07:29 ; elapsed = 00:07:31 . Memory (MB): peak = 739.223 ; gain = 531.859
---------------------------------------------------------------------------------
---------------------------------------------------------------------------------
Finished Timing Optimization : Time (s): cpu = 00:07:31 ; elapsed = 00:07:33 . Memory (MB): peak = 739.223 ; gain = 531.859
---------------------------------------------------------------------------------

Report RTL Partitions: 
+------+-------------------------+------------+----------+
|      |RTL Partition            |Replication |Instances |
+------+-------------------------+------------+----------+
|1     |FLEXIBLE_CLK_DIVIDER     |           1|       101|
|2     |DELAY_INPUT__GB0         |           1|     30000|
|3     |DELAY_INPUT__GB1         |           1|     30000|
|4     |AUDIO_FX_TOP__GC0        |           1|      1805|
|5     |FLEXIBLE_CLK_DIVIDER__1  |           1|       102|
|6     |FLEXIBLE_CLK_DIVIDER__2  |           1|       100|
|7     |FLEXIBLE_CLK_DIVIDER__3  |           1|       101|
|8     |FLEXIBLE_CLK_DIVIDER__4  |           1|       101|
|9     |FLEXIBLE_CLK_DIVIDER__5  |           1|       100|
|10    |FLEXIBLE_CLK_DIVIDER__6  |           1|       100|
|11    |FLEXIBLE_CLK_DIVIDER__7  |           1|       102|
|12    |FLEXIBLE_CLK_DIVIDER__8  |           1|       101|
|13    |FLEXIBLE_CLK_DIVIDER__9  |           1|       101|
|14    |FLEXIBLE_CLK_DIVIDER__10 |           1|        99|
|15    |FLEXIBLE_CLK_DIVIDER__11 |           1|       103|
|16    |FLEXIBLE_CLK_DIVIDER__12 |           1|       102|
|17    |FLEXIBLE_CLK_DIVIDER__13 |           1|       103|
|18    |FLEXIBLE_CLK_DIVIDER__14 |           1|       101|
|19    |FLEXIBLE_CLK_DIVIDER__15 |           1|       100|
|20    |FLEXIBLE_CLK_DIVIDER__16 |           1|        99|
|21    |FLEXIBLE_CLK_DIVIDER__17 |           1|       102|
+------+-------------------------+------------+----------+
---------------------------------------------------------------------------------
Start Technology Mapping
---------------------------------------------------------------------------------
INFO: [Synth 8-3333] propagating constant 0 across sequential element (\display/THOUSAND/SEG_reg[5] )
WARNING: [Synth 8-3332] Sequential element (display/THOUSAND/SEG_reg[5]) is unused and will be removed from module AUDIO_FX_TOP.
---------------------------------------------------------------------------------
Finished Technology Mapping : Time (s): cpu = 00:07:36 ; elapsed = 00:07:38 . Memory (MB): peak = 739.223 ; gain = 531.859
---------------------------------------------------------------------------------
Finished Parallel Technology Mapping Optimization  : Time (s): cpu = 00:07:36 ; elapsed = 00:07:38 . Memory (MB): peak = 739.223 ; gain = 531.859

Report RTL Partitions: 
+-+--------------+------------+----------+
| |RTL Partition |Replication |Instances |
+-+--------------+------------+----------+
+-+--------------+------------+----------+
Finished Parallel Synthesis Optimization  : Time (s): cpu = 00:07:36 ; elapsed = 00:07:38 . Memory (MB): peak = 739.223 ; gain = 531.859
---------------------------------------------------------------------------------
Start IO Insertion
---------------------------------------------------------------------------------
---------------------------------------------------------------------------------
Start Flattening Before IO Insertion
---------------------------------------------------------------------------------
---------------------------------------------------------------------------------
Finished Flattening Before IO Insertion
---------------------------------------------------------------------------------
---------------------------------------------------------------------------------
Start Final Netlist Cleanup
---------------------------------------------------------------------------------
---------------------------------------------------------------------------------
Finished Final Netlist Cleanup
---------------------------------------------------------------------------------
---------------------------------------------------------------------------------
Finished IO Insertion : Time (s): cpu = 00:07:36 ; elapsed = 00:07:39 . Memory (MB): peak = 739.223 ; gain = 531.859
---------------------------------------------------------------------------------

Report Check Netlist: 
+------+------------------+-------+---------+-------+------------------+
|      |Item              |Errors |Warnings |Status |Description       |
+------+------------------+-------+---------+-------+------------------+
|1     |multi_driven_nets |      0|        0|Passed |Multi driven nets |
+------+------------------+-------+---------+-------+------------------+
---------------------------------------------------------------------------------
Start Renaming Generated Instances
---------------------------------------------------------------------------------
---------------------------------------------------------------------------------
Finished Renaming Generated Instances : Time (s): cpu = 00:07:36 ; elapsed = 00:07:39 . Memory (MB): peak = 739.223 ; gain = 531.859
---------------------------------------------------------------------------------

Report RTL Partitions: 
+-+--------------+------------+----------+
| |RTL Partition |Replication |Instances |
+-+--------------+------------+----------+
+-+--------------+------------+----------+
---------------------------------------------------------------------------------
Start Rebuilding User Hierarchy
---------------------------------------------------------------------------------
---------------------------------------------------------------------------------
Finished Rebuilding User Hierarchy : Time (s): cpu = 00:07:36 ; elapsed = 00:07:39 . Memory (MB): peak = 739.223 ; gain = 531.859
---------------------------------------------------------------------------------
---------------------------------------------------------------------------------
Start Renaming Generated Ports
---------------------------------------------------------------------------------
---------------------------------------------------------------------------------
Finished Renaming Generated Ports : Time (s): cpu = 00:07:36 ; elapsed = 00:07:39 . Memory (MB): peak = 739.223 ; gain = 531.859
---------------------------------------------------------------------------------
---------------------------------------------------------------------------------
Start Handling Custom Attributes
---------------------------------------------------------------------------------
---------------------------------------------------------------------------------
Finished Handling Custom Attributes : Time (s): cpu = 00:07:37 ; elapsed = 00:07:39 . Memory (MB): peak = 739.223 ; gain = 531.859
---------------------------------------------------------------------------------
---------------------------------------------------------------------------------
Start Renaming Generated Nets
---------------------------------------------------------------------------------
---------------------------------------------------------------------------------
Finished Renaming Generated Nets : Time (s): cpu = 00:07:37 ; elapsed = 00:07:39 . Memory (MB): peak = 739.223 ; gain = 531.859
---------------------------------------------------------------------------------
---------------------------------------------------------------------------------
Start ROM, RAM, DSP and Shift Register Reporting
---------------------------------------------------------------------------------

Static Shift Register Report:
+-----------------+-------------------+--------+-------+--------------+--------------------+-------------------+--------+---------+
|Module Name      | RTL Name          | Length | Width | Reset Signal | Pull out first Reg | Pull out last Reg | SRL16E | SRLC32E | 
+-----------------+-------------------+--------+-------+--------------+--------------------+-------------------+--------+---------+
|DELAY_INPUT__GB0 | mem_reg[2499][11] | 2500   | 12    | NO           | YES                | YES               | 0      | 948     | 
|DELAY_INPUT__GB1 | mem_reg[4999][11] | 2500   | 12    | NO           | YES                | YES               | 0      | 948     | 
+-----------------+-------------------+--------+-------+--------------+--------------------+-------------------+--------+---------+

---------------------------------------------------------------------------------
Finished ROM, RAM, DSP and Shift Register Reporting
---------------------------------------------------------------------------------
---------------------------------------------------------------------------------
Start Writing Synthesis Report
---------------------------------------------------------------------------------

Report BlackBoxes: 
+------+---------------+----------+
|      |BlackBox name  |Instances |
+------+---------------+----------+
|1     |dist_mem_gen_0 |         1|
+------+---------------+----------+

Report Cell Usage: 
+------+---------------+------+
|      |Cell           |Count |
+------+---------------+------+
|1     |dist_mem_gen_0 |     1|
|2     |BUFG           |     4|
|3     |CARRY4         |   242|
|4     |LUT1           |   681|
|5     |LUT2           |   102|
|6     |LUT3           |   224|
|7     |LUT4           |    47|
|8     |LUT5           |    48|
|9     |LUT6           |   253|
|10    |SRLC32E        |  1896|
|11    |FDRE           |   890|
|12    |LDCP           |     2|
|13    |LDP            |     1|
|14    |IBUF           |     8|
|15    |OBUF           |    33|
+------+---------------+------+

Report Instance Areas: 
+------+-------------------+------------------------+------+
|      |Instance           |Module                  |Cells |
+------+-------------------+------------------------+------+
|1     |top                |                        |  4444|
|2     |  cd1000           |FLEXIBLE_CLK_DIVIDER    |    95|
|3     |    nolabel_line31 |CLK_VAR_37              |    95|
|4     |  cd250            |FLEXIBLE_CLK_DIVIDER_0  |    94|
|5     |    nolabel_line31 |CLK_VAR_36              |    94|
|6     |  cd500            |FLEXIBLE_CLK_DIVIDER_1  |    94|
|7     |    nolabel_line31 |CLK_VAR_35              |    94|
|8     |  cd750            |FLEXIBLE_CLK_DIVIDER_2  |    94|
|9     |    nolabel_line31 |CLK_VAR_34              |    94|
|10    |  clk1047          |FLEXIBLE_CLK_DIVIDER_3  |    94|
|11    |    nolabel_line31 |CLK_VAR_33              |    94|
|12    |  clk1109          |FLEXIBLE_CLK_DIVIDER_4  |    94|
|13    |    nolabel_line31 |CLK_VAR_32              |    94|
|14    |  clk1175          |FLEXIBLE_CLK_DIVIDER_5  |    94|
|15    |    nolabel_line31 |CLK_VAR_31              |    94|
|16    |  clk1245          |FLEXIBLE_CLK_DIVIDER_6  |    94|
|17    |    nolabel_line31 |CLK_VAR_30              |    94|
|18    |  clk1319          |FLEXIBLE_CLK_DIVIDER_7  |    94|
|19    |    nolabel_line31 |CLK_VAR_29              |    94|
|20    |  clk1397          |FLEXIBLE_CLK_DIVIDER_8  |    94|
|21    |    nolabel_line31 |CLK_VAR_28              |    94|
|22    |  clk1480          |FLEXIBLE_CLK_DIVIDER_9  |    94|
|23    |    nolabel_line31 |CLK_VAR_27              |    94|
|24    |  clk1568          |FLEXIBLE_CLK_DIVIDER_10 |    94|
|25    |    nolabel_line31 |CLK_VAR_26              |    94|
|26    |  clk1661          |FLEXIBLE_CLK_DIVIDER_11 |    94|
|27    |    nolabel_line31 |CLK_VAR_25              |    94|
|28    |  clk1760          |FLEXIBLE_CLK_DIVIDER_12 |    94|
|29    |    nolabel_line31 |CLK_VAR_24              |    94|
|30    |  clk1865          |FLEXIBLE_CLK_DIVIDER_13 |    94|
|31    |    nolabel_line31 |CLK_VAR_23              |    94|
|32    |  clk1975          |FLEXIBLE_CLK_DIVIDER_14 |    94|
|33    |    nolabel_line31 |CLK_VAR_22              |    94|
|34    |  clk20k           |CLK_20K                 |    83|
|35    |  clk3             |FLEXIBLE_CLK_DIVIDER_15 |    94|
|36    |    nolabel_line31 |CLK_VAR_21              |    94|
|37    |  clk50m           |CLK_50M                 |    83|
|38    |  clk700           |FLEXIBLE_CLK_DIVIDER_16 |    94|
|39    |    nolabel_line31 |CLK_VAR                 |    94|
|40    |  delay250MS       |DELAY_INPUT             |  1944|
|41    |  display          |SSegDisp                |   237|
|42    |    BTI            |BINtoINT                |   143|
|43    |    DisplayOut     |Sev_Seg                 |    41|
|44    |    HUNDREDS       |INTtoSEG                |    15|
|45    |    ONES           |INTtoSEG_18             |    25|
|46    |    TENS           |INTtoSEG_19             |     7|
|47    |    THOUSAND       |INTtoSEG_20             |     6|
|48    |  keyboard         |USB_KEYBOARD            |   114|
|49    |    uut            |PS2Receiver             |   111|
|50    |      db_clk       |debouncer               |    15|
|51    |      db_data      |debouncer_17            |    24|
|52    |  map              |KEYBOARD_MAP_SPEAKER    |    16|
|53    |  u1               |SPI                     |   123|
|54    |  u2               |DA2RefComp              |    35|
|55    |  volume_led       |volume_indicator        |    16|
+------+-------------------+------------------------+------+
---------------------------------------------------------------------------------
Finished Writing Synthesis Report : Time (s): cpu = 00:07:37 ; elapsed = 00:07:39 . Memory (MB): peak = 739.223 ; gain = 531.859
---------------------------------------------------------------------------------
Synthesis finished with 0 errors, 0 critical warnings and 5 warnings.
Synthesis Optimization Runtime : Time (s): cpu = 00:07:15 ; elapsed = 00:07:27 . Memory (MB): peak = 739.223 ; gain = 183.043
Synthesis Optimization Complete : Time (s): cpu = 00:07:37 ; elapsed = 00:07:39 . Memory (MB): peak = 739.223 ; gain = 531.859
INFO: [Project 1-571] Translating synthesized netlist
INFO: [Netlist 29-17] Analyzing 253 Unisim elements for replacement
INFO: [Netlist 29-28] Unisim Transformation completed in 0 CPU seconds
INFO: [Project 1-570] Preparing netlist for logic optimization
INFO: [Opt 31-138] Pushed 2 inverter(s) to 25 load pin(s).
INFO: [Project 1-111] Unisim Transformation Summary:
  A total of 27 instances were transformed.
  LDCP => LDCP (GND, LUT3, LUT3, LDCE, VCC): 2 instances
  LDP => LDPE: 1 instances
  SRLC32E => SRL16E: 24 instances

INFO: [Common 17-83] Releasing license: Synthesis
87 Infos, 37 Warnings, 0 Critical Warnings and 0 Errors encountered.
synth_design completed successfully
synth_design: Time (s): cpu = 00:07:38 ; elapsed = 00:07:39 . Memory (MB): peak = 739.223 ; gain = 524.855
report_utilization: Time (s): cpu = 00:00:00 ; elapsed = 00:00:00.032 . Memory (MB): peak = 739.223 ; gain = 0.000
INFO: [Common 17-206] Exiting Vivado at Sat Nov 04 13:14:52 2017...
